TS DB-Utility - Vers.: 3.3.09 
All Rights Reserved.
Copyright (C) 2003-2008 by ...CarlosHR...
PgmDate: 04.04.2008

ATTENTION! --- This version is an intermediate version (B-20080420)! Please report all problems! ---

Function called from >> OS-system:'windows vista', Version:6.0 <<
Java-system   >> Java-JRE :'sun microsystems inc.', Version:1.6.0_05 <<
>>TSUtil '-lD:\VB Projects\RR12\Reports\DenmarkTsUtil_version.log' 'version'<<

Analyse of TSUtil-Programversion activated!
   ( 06.11.2008 12:13:08 )

TSUtil-Class 'TSUtil' found.            Version-ID is ' 3.3.09 B-20080420' (1)
TSUtil-Class 'TSLogg' found.            Version-ID is ' 3.3.03 11.01.2007' (2)
TSUtil-Class 'TSOpts' found.            Version-ID is ' 3.2.153 01.12.2005' (3)
TSUtil-Class 'TSData' found.            Version-ID is ' 3.3.03 28.12.2006' (4)
TSUtil-Class 'TSRefC' found.            Version-ID is ' 3.3.07 16.12.2007' (5)
TSUtil-Class 'TSPos' found.             Version-ID is ' 3.2.133 26.08.2005' (6)
TSUtil-Class 'TSQDir' found.            Version-ID is ' 3.2.133 26.08.2005' (7)
TSUtil-Class 'TSSc' found.              Version-ID is ' 3.2.155 06.12.2005' (8)
TSUtil-Class 'TSSh' found.              Version-ID is ' 3.2.155 06.12.2005' (9)
TSUtil-Class 'TSSect' found.            Version-ID is ' 3.2.155 06.12.2005' (10)
TSUtil-Class 'TSScC' found.             Version-ID is ' 3.3.01 03.11.2006' (11)
TSUtil-Class 'TSScIdx' found.           Version-ID is ' 0.0.000 00.00.2005' (12)
TSUtil-Class 'TSShape' found.           Version-ID is ' 3.2.155 06.12.2005' (13)
TSUtil-Class 'TSChain' found.           Version-ID is ' 3.2.480 30.08.2006' (14)
TSUtil-Class 'TSCmn' found.             Version-ID is ' 3.3.03 28.12.2006' (15)
TSUtil-Class 'TSRoute' found.           Version-ID is ' 3.3.06 28.11.2007' (16)
TSUtil-Class 'TSScL' found.             Version-ID is ' 3.3.06 12.07.2007' (17)
TSUtil-Class 'TSShL' found.             Version-ID is ' 3.2.460 13.08.2006' (18)
TSUtil-Class 'TSTrNde' found.           Version-ID is ' 3.3.08 21.03.2008' (19)
TSUtil-Class 'TSNode' found.            Version-ID is ' 3.2.265 03.04.2006' (20)
TSUtil-Class 'TSTrItm' found.           Version-ID is ' 3.3.03 12.01.2007' (21)
TSUtil-Class 'TSTrItm01' found.         Version-ID is ' 3.3.07 21.12.2007' (22)
TSUtil-Class 'TSTrItm01T' found.        Version-ID is ' 3.3.07 21.12.2007' (23)
TSUtil-Class 'TSTrItm02' found.         Version-ID is ' 3.3.03 12.01.2007' (24)
TSUtil-Class 'TSTrItm03' found.         Version-ID is ' 3.3.03 12.01.2007' (25)
TSUtil-Class 'TSTrItm09' found.         Version-ID is ' 3.3.03 12.01.2007' (26)
TSUtil-Class 'TSTrItm10' found.         Version-ID is ' 3.3.03 12.01.2007' (27)
TSUtil-Class 'TSTile' found.            Version-ID is ' 3.3.06 28.11.2007' (28)
TSUtil-Class 'TSTileC' found.           Version-ID is ' 0.0.000 00.00.2005' (29)
TSUtil-Class 'TSQuad' found.            Version-ID is ' 3.3.06 28.11.2007' (30)
TSUtil-Class 'TSUiD' found.             Version-ID is ' 3.2.230 01.03.2006' (31)
TSUtil-Class 'TSTrkObj' found.          Version-ID is ' 3.3.03 25.01.2007' (32)
TSUtil-Class 'TSDynTrk' found.          Version-ID is ' 3.2.230 01.03.2006' (33)
TSUtil-Class 'TSSignal' found.          Version-ID is ' 3.3.07 16.12.2007' (34)
TSUtil-Class 'TSStatic' found.          Version-ID is ' 3.2.230 01.03.2006' (35)
TSUtil-Class 'TSForest' found.          Version-ID is ' 3.2.230 01.03.2006' (36)
TSUtil-Class 'TSPlatform' found.        Version-ID is ' 3.2.230 01.03.2006' (37)
TSUtil-Class 'TSSiding' found.          Version-ID is ' 3.2.230 01.03.2006' (38)
TSUtil-Class 'TSGantry' found.          Version-ID is ' 3.2.230 01.03.2006' (39)
TSUtil-Class 'TSSpeed' found.           Version-ID is ' 3.2.230 01.03.2006' (40)
TSUtil-Class 'TSCarSp' found.           Version-ID is ' 3.2.230 01.03.2006' (41)
TSUtil-Class 'TSLevelCr' found.         Version-ID is ' 3.2.230 01.03.2006' (42)
TSUtil-Class 'TSHazard' found.          Version-ID is ' 3.2.230 01.03.2006' (43)
TSUtil-Class 'TSTransf' found.          Version-ID is ' 3.2.230 01.03.2006' (44)
TSUtil-Class 'TSColli' found.           Version-ID is ' 3.2.230 01.03.2006' (45)
TSUtil-Class 'TSTelep' found.           Version-ID is ' 3.2.230 01.03.2006' (46)
TSUtil-Class 'TSPickup' found.          Version-ID is ' 3.2.230 01.03.2006' (47)
TSUtil-Class 'TSSnd' found.             Version-ID is ' 3.3.01 05.11.2006' (48)
TSUtil-Class 'TSSRgn' found.            Version-ID is ' 3.2.230 01.03.2006' (49)
TSUtil-Class 'TSSSrc' found.            Version-ID is ' 3.3.01 05.11.2006' (50)
TSUtil-Class 'TSView' found.            Version-ID is ' 3.3.04 26.02.2007' (51)
TSUtil-Class 'TSSigSh' found.           Version-ID is ' 0.0.000 00.00.2005' (52)
TSUtil-Class 'TSSigSObj' found.         Version-ID is ' 3.2.141 20.10.2005' (53)
TSUtil-Class 'TSSigTyp' found.          Version-ID is ' 3.2.141 20.10.2005' (54)
TSUtil-Class 'TSSigSgL' found.          Version-ID is ' 0.0.000 00.00.2005' (55)
TSUtil-Class 'TSSigDrSt' found.         Version-ID is ' 0.0.000 00.00.2005' (56)
TSUtil-Class 'TSSigAsp' found.          Version-ID is ' 0.0.000 00.00.2005' (57)
TSUtil-Class 'TSSigLTx' found.          Version-ID is ' 0.0.000 00.00.2005' (58)
TSUtil-Class 'TSSigLiT' found.          Version-ID is ' 0.0.000 00.00.2005' (59)
TSUtil-Class 'TStType' found.           Version-ID is ' 0.0.000 00.00.2005' (60)
TSUtil-Class 'TSPath' found.            Version-ID is ' 3.3.09 20.04.2007' (61)
TSUtil-Class 'TSPatPDP' found.          Version-ID is ' 3.3.01 10.10.2006' (62)
TSUtil-Class 'TSPatNde' found.          Version-ID is ' 3.3.09 18.04.2008' (63)
TSUtil-Class 'TSSrv' found.             Version-ID is ' 3.2.440 08.06.2006' (64)
TSUtil-Class 'TSStStp' found.           Version-ID is ' 3.2.420 01.06.2006' (65)
TSUtil-Class 'TSTrf' found.             Version-ID is ' 3.2.440 09.06.2006' (66)
TSUtil-Class 'TSXtSrv' found.           Version-ID is ' 3.2.420 01.06.2006' (67)
TSUtil-Class 'TSSigCDef' found.         Version-ID is ' 3.3.08 19.02.2008' (68)
TSUtil-Class 'TSSigCDefE' found.        Version-ID is ' 3.3.08 15.01.2008' (69)
TSUtil-Class 'TSFile' found.            Version-ID is ' 3.3.06 10.09.2007' (70)
TSUtil-Class 'TSFileS' found.           Version-ID is ' 3.3.06 20.11.2007' (71)
TSUtil-Class 'TSFileT' found.           Version-ID is ' 3.3.06 20.11.2007' (72)
TSUtil-Class 'TSFileW' found.           Version-ID is ' 3.3.06 20.11.2007' (73)
TSUtil-Class 'TSFileX' found.           Version-ID is ' 3.2.235 10.03.2006' (74)
TSUtil-Class 'TSFleTok' found.          Version-ID is ' 0.0.000 00.00.2005' (75)
TSUtil-Class 'TSFleMask' found.         Version-ID is ' 3.3.04 27.03.2007' (76)
TSUtil-Class 'TSFleOutStream' found.    Version-ID is ' 3.3.05 10.04.2007' (77)
TSUtil-Class 'TSCoo' found.             Version-ID is ' 3.2.245 15.03.2006' (78)

Program successful ended after 78 Class-Definitions
