TS DB-Utility - Vers.: 3.6.02 
All Rights Reserved.
Copyright (C) 2003-2011 by Carl-Heinz Rave(CarlosHR)
PgmDate: 01.07.2011

Function called from >> OS-system:'windows 7', Version:6.1 <<
Java-system   >> Java-JRE :'sun microsystems inc.', Version:1.6.0_24 <<
>>TSUtil '-lE:\VBProjects\Route_Riter v7.5\Reports\Horseshoe_filter.log' 'filter' 'E:\Rail Utilities\Train Simulator\Routes\Horseshoe'<<

TSUtil Geometrie-Reorganisation selected for 'E:\Rail Utilities\Train Simulator\Routes\Horseshoe'!
   ( 08.07.2011 09:36:05 )

Route-name   : 'Horseshoe'
TS Systempath: 'E:\Rail Utilities\Train Simulator'
TS Route-path: 'E:\Rail Utilities\Train Simulator\Routes\Horseshoe'


Global 'tsection.dat' will be checked and loaded
      'Shape(253)-NumPaths': Specified value is 18. Please check range! (Threshold=15)
      'Shape(23365)-NumPaths': Specified value is 30. Please check range! (Threshold=15)
      'Shape(24664)-NumPaths': Specified value is 30. Please check range! (Threshold=15)
      'Shape(24864)-NumPaths': Specified value is 18. Please check range! (Threshold=15)
    113742 Records in global 'tsection.dat'
    maximum section-index: '40000'
    6051 Track-Sections defined!
    maximum shape-index  : '40000'
    11663 Track-Shapes defined!

Local 'tsection.dat' is checked and loaded (Bias=(40000,40000))
 ---> 'TrackSection()': Section-Index 376 is too small to fit into 'tsection.dat'(local) (min=40000)
    'tsection.dat(local)' contains 5 Records'

Continuation between 'tsection.dat'(local) and global 'tsection.dat'(old) is not correct-- Function failed
