TS DB-Utility - Vers.: 3.6.02 
All Rights Reserved.
Copyright (C) 2003-2011 by Carl-Heinz Rave(CarlosHR)
PgmDate: 01.07.2011

Function called from >> OS-system:'windows 7', Version:6.1 <<
Java-system   >> Java-JRE :'sun microsystems inc.', Version:1.6.0_24 <<
>>TSUtil '-lE:\VBProjects\Route_Riter v7.5\Reports\USA1_filter.log' 'filter' 'E:\Rail Utilities\Train Simulator\Routes\USA1'<<

TSUtil Geometrie-Reorganisation selected for 'E:\Rail Utilities\Train Simulator\Routes\USA1'!
   ( 09.07.2011 10:50:35 )

Route-name   : 'USA1'
TS Systempath: 'E:\Rail Utilities\Train Simulator'
TS Route-path: 'E:\Rail Utilities\Train Simulator\Routes\USA1'


Global 'tsection.dat' will be checked and loaded
      'Shape(253)-NumPaths': Specified value is 18. Please check range! (Threshold=15)
      'Shape(23365)-NumPaths': Specified value is 30. Please check range! (Threshold=15)
      'Shape(24664)-NumPaths': Specified value is 30. Please check range! (Threshold=15)
      'Shape(24864)-NumPaths': Specified value is 18. Please check range! (Threshold=15)
    113742 Records in global 'tsection.dat'
    maximum section-index: '40000'
    6051 Track-Sections defined!
    maximum shape-index  : '40000'
    11663 Track-Shapes defined!

Local 'tsection.dat' is checked and loaded (Bias=(40000,40000))
    'tsection.dat(local)' contains 1315 Records'
    maximum Section-Index(local): '40630'
    345 Track-Sections(local) defined!
    maximum Path-Index(local)   : '40274'
    274 Path-Definitions defined!

File 'TType.dat' of route 'E:\Rail Utilities\Train Simulator\Routes\USA1' is loaded and checked!

Structure-Controlfile 'E:\Rail Utilities\Train Simulator\Routes\USA1\TD\td_idx.dat' will be checked.
    Structure-File 'E:\Rail Utilities\Train Simulator\Routes\USA1\TD\-00022+00027.td' is checked!
 ---> World-File 'E:\Rail Utilities\Train Simulator\Routes\USA1\World\w-011017+014312.w' is not defined! ('-074158a8')
      Sound-File 'E:\Rail Utilities\Train Simulator\Routes\USA1\World\w-011017+014312.ws' is not defined!
 ---> Tile-Datafile 'E:\Rail Utilities\Train Simulator\Routes\USA1\Tiles\-074158a8_y.raw' is NOT defined! (-11017,14312)
 ---> (LO-)Tile-File 'E:\Rail Utilities\Train Simulator\Routes\USA1\Tiles\-074158a8.t' could not be found! (-11017,14312)
 ---> World-File 'E:\Rail Utilities\Train Simulator\Routes\USA1\World\w-011010+014319.w' is not defined! ('-07415950')
      Sound-File 'E:\Rail Utilities\Train Simulator\Routes\USA1\World\w-011010+014319.ws' is not defined!
 ---> Tile-Datafile 'E:\Rail Utilities\Train Simulator\Routes\USA1\Tiles\-07415950_y.raw' is NOT defined! (-11010,14319)
 ---> (LO-)Tile-File 'E:\Rail Utilities\Train Simulator\Routes\USA1\Tiles\-07415950.t' could not be found! (-11010,14319)
 ---> World-File 'E:\Rail Utilities\Train Simulator\Routes\USA1\World\w-011009+014319.w' is not defined! ('-07415954')
      Sound-File 'E:\Rail Utilities\Train Simulator\Routes\USA1\World\w-011009+014319.ws' is not defined!
 ---> Tile-Datafile 'E:\Rail Utilities\Train Simulator\Routes\USA1\Tiles\-07415954_y.raw' is NOT defined! (-11009,14319)
 ---> (LO-)Tile-File 'E:\Rail Utilities\Train Simulator\Routes\USA1\Tiles\-07415954.t' could not be found! (-11009,14319)
 ---> World-File 'E:\Rail Utilities\Train Simulator\Routes\USA1\World\w-011010+014318.w' is not defined! ('-0741595c')
      Sound-File 'E:\Rail Utilities\Train Simulator\Routes\USA1\World\w-011010+014318.ws' is not defined!
 ---> Tile-Datafile 'E:\Rail Utilities\Train Simulator\Routes\USA1\Tiles\-0741595c_y.raw' is NOT defined! (-11010,14318)
 ---> (LO-)Tile-File 'E:\Rail Utilities\Train Simulator\Routes\USA1\Tiles\-0741595c.t' could not be found! (-11010,14318)
      Sound-File 'E:\Rail Utilities\Train Simulator\Routes\USA1\World\w-011010+014317.ws' is not defined!
      Sound-File 'E:\Rail Utilities\Train Simulator\Routes\USA1\World\w-011009+014316.ws' is not defined!
 ---> World-File 'E:\Rail Utilities\Train Simulator\Routes\USA1\World\w-011011+014317.w' is not defined! ('-07415974')
      Sound-File 'E:\Rail Utilities\Train Simulator\Routes\USA1\World\w-011011+014317.ws' is not defined!
 ---> Tile-Datafile 'E:\Rail Utilities\Train Simulator\Routes\USA1\Tiles\-07415974_y.raw' is NOT defined! (-11011,14317)
 ---> (LO-)Tile-File 'E:\Rail Utilities\Train Simulator\Routes\USA1\Tiles\-07415974.t' could not be found! (-11011,14317)
      Sound-File 'E:\Rail Utilities\Train Simulator\Routes\USA1\World\w-011012+014316.ws' is not defined!
      Sound-File 'E:\Rail Utilities\Train Simulator\Routes\USA1\World\w-011011+014314.ws' is not defined!
 ---> World-File 'E:\Rail Utilities\Train Simulator\Routes\USA1\World\w-011009+014315.w' is not defined! ('-07415994')
      Sound-File 'E:\Rail Utilities\Train Simulator\Routes\USA1\World\w-011009+014315.ws' is not defined!
 ---> Tile-Datafile 'E:\Rail Utilities\Train Simulator\Routes\USA1\Tiles\-07415994_y.raw' is NOT defined! (-11009,14315)
 ---> (LO-)Tile-File 'E:\Rail Utilities\Train Simulator\Routes\USA1\Tiles\-07415994.t' could not be found! (-11009,14315)
 ---> World-File 'E:\Rail Utilities\Train Simulator\Routes\USA1\World\w-011012+014313.w' is not defined! ('-074159b0')
      Sound-File 'E:\Rail Utilities\Train Simulator\Routes\USA1\World\w-011012+014313.ws' is not defined!
 ---> Tile-Datafile 'E:\Rail Utilities\Train Simulator\Routes\USA1\Tiles\-074159b0_y.raw' is NOT defined! (-11012,14313)
 ---> (LO-)Tile-File 'E:\Rail Utilities\Train Simulator\Routes\USA1\Tiles\-074159b0.t' could not be found! (-11012,14313)
 ---> World-File 'E:\Rail Utilities\Train Simulator\Routes\USA1\World\w-011015+014314.w' is not defined! ('-074159c8')
      Sound-File 'E:\Rail Utilities\Train Simulator\Routes\USA1\World\w-011015+014314.ws' is not defined!
 ---> Tile-Datafile 'E:\Rail Utilities\Train Simulator\Routes\USA1\Tiles\-074159c8_y.raw' is NOT defined! (-11015,14314)
 ---> (LO-)Tile-File 'E:\Rail Utilities\Train Simulator\Routes\USA1\Tiles\-074159c8.t' could not be found! (-11015,14314)
 ---> World-File 'E:\Rail Utilities\Train Simulator\Routes\USA1\World\w-011014+014315.w' is not defined! ('-074159d0')
      Sound-File 'E:\Rail Utilities\Train Simulator\Routes\USA1\World\w-011014+014315.ws' is not defined!
 ---> Tile-Datafile 'E:\Rail Utilities\Train Simulator\Routes\USA1\Tiles\-074159d0_y.raw' is NOT defined! (-11014,14315)
 ---> (LO-)Tile-File 'E:\Rail Utilities\Train Simulator\Routes\USA1\Tiles\-074159d0.t' could not be found! (-11014,14315)
 ---> World-File 'E:\Rail Utilities\Train Simulator\Routes\USA1\World\w-011013+014315.w' is not defined! ('-074159d4')
      Sound-File 'E:\Rail Utilities\Train Simulator\Routes\USA1\World\w-011013+014315.ws' is not defined!
 ---> Tile-Datafile 'E:\Rail Utilities\Train Simulator\Routes\USA1\Tiles\-074159d4_y.raw' is NOT defined! (-11013,14315)
 ---> (LO-)Tile-File 'E:\Rail Utilities\Train Simulator\Routes\USA1\Tiles\-074159d4.t' could not be found! (-11013,14315)
 ---> World-File 'E:\Rail Utilities\Train Simulator\Routes\USA1\World\w-011014+014314.w' is not defined! ('-074159dc')
      Sound-File 'E:\Rail Utilities\Train Simulator\Routes\USA1\World\w-011014+014314.ws' is not defined!
 ---> Tile-Datafile 'E:\Rail Utilities\Train Simulator\Routes\USA1\Tiles\-074159dc_y.raw' is NOT defined! (-11014,14314)
 ---> (LO-)Tile-File 'E:\Rail Utilities\Train Simulator\Routes\USA1\Tiles\-074159dc.t' could not be found! (-11014,14314)
      Sound-File 'E:\Rail Utilities\Train Simulator\Routes\USA1\World\w-011013+014312.ws' is not defined!
 ---> World-File 'E:\Rail Utilities\Train Simulator\Routes\USA1\World\w-011016+014313.w' is not defined! ('-074159f0')
      Sound-File 'E:\Rail Utilities\Train Simulator\Routes\USA1\World\w-011016+014313.ws' is not defined!
 ---> Tile-Datafile 'E:\Rail Utilities\Train Simulator\Routes\USA1\Tiles\-074159f0_y.raw' is NOT defined! (-11016,14313)
 ---> (LO-)Tile-File 'E:\Rail Utilities\Train Simulator\Routes\USA1\Tiles\-074159f0.t' could not be found! (-11016,14313)
 ---> World-File 'E:\Rail Utilities\Train Simulator\Routes\USA1\World\w-011015+014310.w' is not defined! ('-07415a08')
      Sound-File 'E:\Rail Utilities\Train Simulator\Routes\USA1\World\w-011015+014310.ws' is not defined!
 ---> Tile-Datafile 'E:\Rail Utilities\Train Simulator\Routes\USA1\Tiles\-07415a08_y.raw' is NOT defined! (-11015,14310)
 ---> (LO-)Tile-File 'E:\Rail Utilities\Train Simulator\Routes\USA1\Tiles\-07415a08.t' could not be found! (-11015,14310)
      Sound-File 'E:\Rail Utilities\Train Simulator\Routes\USA1\World\w-011016+014310.ws' is not defined!
 ---> World-File 'E:\Rail Utilities\Train Simulator\Routes\USA1\World\w-011014+014311.w' is not defined! ('-07415a10')
      Sound-File 'E:\Rail Utilities\Train Simulator\Routes\USA1\World\w-011014+014311.ws' is not defined!
 ---> Tile-Datafile 'E:\Rail Utilities\Train Simulator\Routes\USA1\Tiles\-07415a10_y.raw' is NOT defined! (-11014,14311)
 ---> (LO-)Tile-File 'E:\Rail Utilities\Train Simulator\Routes\USA1\Tiles\-07415a10.t' could not be found! (-11014,14311)
 ---> World-File 'E:\Rail Utilities\Train Simulator\Routes\USA1\World\w-011016+014309.w' is not defined! ('-07415a30')
      Sound-File 'E:\Rail Utilities\Train Simulator\Routes\USA1\World\w-011016+014309.ws' is not defined!
 ---> Tile-Datafile 'E:\Rail Utilities\Train Simulator\Routes\USA1\Tiles\-07415a30_y.raw' is NOT defined! (-11016,14309)
 ---> (LO-)Tile-File 'E:\Rail Utilities\Train Simulator\Routes\USA1\Tiles\-07415a30.t' could not be found! (-11016,14309)
 ---> World-File 'E:\Rail Utilities\Train Simulator\Routes\USA1\World\w-011016+014308.w' is not defined! ('-07415a3c')
      Sound-File 'E:\Rail Utilities\Train Simulator\Routes\USA1\World\w-011016+014308.ws' is not defined!
 ---> Tile-Datafile 'E:\Rail Utilities\Train Simulator\Routes\USA1\Tiles\-07415a3c_y.raw' is NOT defined! (-11016,14308)
 ---> (LO-)Tile-File 'E:\Rail Utilities\Train Simulator\Routes\USA1\Tiles\-07415a3c.t' could not be found! (-11016,14308)
 ---> World-File 'E:\Rail Utilities\Train Simulator\Routes\USA1\World\w-011018+014310.w' is not defined! ('-07415b5c')
      Sound-File 'E:\Rail Utilities\Train Simulator\Routes\USA1\World\w-011018+014310.ws' is not defined!
 ---> Tile-Datafile 'E:\Rail Utilities\Train Simulator\Routes\USA1\Tiles\-07415b5c_y.raw' is NOT defined! (-11018,14310)
 ---> (LO-)Tile-File 'E:\Rail Utilities\Train Simulator\Routes\USA1\Tiles\-07415b5c.t' could not be found! (-11018,14310)
 ---> World-File 'E:\Rail Utilities\Train Simulator\Routes\USA1\World\w-011019+014309.w' is not defined! ('-07415b74')
      Sound-File 'E:\Rail Utilities\Train Simulator\Routes\USA1\World\w-011019+014309.ws' is not defined!
 ---> Tile-Datafile 'E:\Rail Utilities\Train Simulator\Routes\USA1\Tiles\-07415b74_y.raw' is NOT defined! (-11019,14309)
 ---> (LO-)Tile-File 'E:\Rail Utilities\Train Simulator\Routes\USA1\Tiles\-07415b74.t' could not be found! (-11019,14309)
 ---> World-File 'E:\Rail Utilities\Train Simulator\Routes\USA1\World\w-011019+014308.w' is not defined! ('-07415b78')
      Sound-File 'E:\Rail Utilities\Train Simulator\Routes\USA1\World\w-011019+014308.ws' is not defined!
 ---> Tile-Datafile 'E:\Rail Utilities\Train Simulator\Routes\USA1\Tiles\-07415b78_y.raw' is NOT defined! (-11019,14308)
 ---> (LO-)Tile-File 'E:\Rail Utilities\Train Simulator\Routes\USA1\Tiles\-07415b78.t' could not be found! (-11019,14308)
      Sound-File 'E:\Rail Utilities\Train Simulator\Routes\USA1\World\w-011020+014307.ws' is not defined!
      Sound-File 'E:\Rail Utilities\Train Simulator\Routes\USA1\World\w-011020+014306.ws' is not defined!
 ---> World-File 'E:\Rail Utilities\Train Simulator\Routes\USA1\World\w-011018+014306.w' is not defined! ('-07415b9c')
      Sound-File 'E:\Rail Utilities\Train Simulator\Routes\USA1\World\w-011018+014306.ws' is not defined!
 ---> Tile-Datafile 'E:\Rail Utilities\Train Simulator\Routes\USA1\Tiles\-07415b9c_y.raw' is NOT defined! (-11018,14306)
 ---> (LO-)Tile-File 'E:\Rail Utilities\Train Simulator\Routes\USA1\Tiles\-07415b9c.t' could not be found! (-11018,14306)
 ---> World-File 'E:\Rail Utilities\Train Simulator\Routes\USA1\World\w-011023+014306.w' is not defined! ('-07415bc8')
      Sound-File 'E:\Rail Utilities\Train Simulator\Routes\USA1\World\w-011023+014306.ws' is not defined!
 ---> Tile-Datafile 'E:\Rail Utilities\Train Simulator\Routes\USA1\Tiles\-07415bc8_y.raw' is NOT defined! (-11023,14306)
 ---> (LO-)Tile-File 'E:\Rail Utilities\Train Simulator\Routes\USA1\Tiles\-07415bc8.t' could not be found! (-11023,14306)
 ---> World-File 'E:\Rail Utilities\Train Simulator\Routes\USA1\World\w-011021+014306.w' is not defined! ('-07415bd8')
      Sound-File 'E:\Rail Utilities\Train Simulator\Routes\USA1\World\w-011021+014306.ws' is not defined!
 ---> Tile-Datafile 'E:\Rail Utilities\Train Simulator\Routes\USA1\Tiles\-07415bd8_y.raw' is NOT defined! (-11021,14306)
 ---> (LO-)Tile-File 'E:\Rail Utilities\Train Simulator\Routes\USA1\Tiles\-07415bd8.t' could not be found! (-11021,14306)
 ---> World-File 'E:\Rail Utilities\Train Simulator\Routes\USA1\World\w-011022+014306.w' is not defined! ('-07415bdc')
      Sound-File 'E:\Rail Utilities\Train Simulator\Routes\USA1\World\w-011022+014306.ws' is not defined!
 ---> Tile-Datafile 'E:\Rail Utilities\Train Simulator\Routes\USA1\Tiles\-07415bdc_y.raw' is NOT defined! (-11022,14306)
 ---> (LO-)Tile-File 'E:\Rail Utilities\Train Simulator\Routes\USA1\Tiles\-07415bdc.t' could not be found! (-11022,14306)
 ---> World-File 'E:\Rail Utilities\Train Simulator\Routes\USA1\World\w-011021+014304.w' is not defined! ('-07415be8')
      Sound-File 'E:\Rail Utilities\Train Simulator\Routes\USA1\World\w-011021+014304.ws' is not defined!
 ---> Tile-Datafile 'E:\Rail Utilities\Train Simulator\Routes\USA1\Tiles\-07415be8_y.raw' is NOT defined! (-11021,14304)
 ---> (LO-)Tile-File 'E:\Rail Utilities\Train Simulator\Routes\USA1\Tiles\-07415be8.t' could not be found! (-11021,14304)
      Sound-File 'E:\Rail Utilities\Train Simulator\Routes\USA1\World\w-011022+014304.ws' is not defined!
 ---> World-File 'E:\Rail Utilities\Train Simulator\Routes\USA1\World\w-011023+014304.w' is not defined! ('-07415bf8')
      Sound-File 'E:\Rail Utilities\Train Simulator\Routes\USA1\World\w-011023+014304.ws' is not defined!
 ---> Tile-Datafile 'E:\Rail Utilities\Train Simulator\Routes\USA1\Tiles\-07415bf8_y.raw' is NOT defined! (-11023,14304)
 ---> (LO-)Tile-File 'E:\Rail Utilities\Train Simulator\Routes\USA1\Tiles\-07415bf8.t' could not be found! (-11023,14304)
 ---> World-File 'E:\Rail Utilities\Train Simulator\Routes\USA1\World\w-011025+014305.w' is not defined! ('-07415ea4')
      Sound-File 'E:\Rail Utilities\Train Simulator\Routes\USA1\World\w-011025+014305.ws' is not defined!
 ---> Tile-Datafile 'E:\Rail Utilities\Train Simulator\Routes\USA1\Tiles\-07415ea4_y.raw' is NOT defined! (-11025,14305)
 ---> (LO-)Tile-File 'E:\Rail Utilities\Train Simulator\Routes\USA1\Tiles\-07415ea4.t' could not be found! (-11025,14305)
 ---> World-File 'E:\Rail Utilities\Train Simulator\Routes\USA1\World\w-011027+014304.w' is not defined! ('-07415eb8')
      Sound-File 'E:\Rail Utilities\Train Simulator\Routes\USA1\World\w-011027+014304.ws' is not defined!
 ---> Tile-Datafile 'E:\Rail Utilities\Train Simulator\Routes\USA1\Tiles\-07415eb8_y.raw' is NOT defined! (-11027,14304)
 ---> (LO-)Tile-File 'E:\Rail Utilities\Train Simulator\Routes\USA1\Tiles\-07415eb8.t' could not be found! (-11027,14304)
 ---> World-File 'E:\Rail Utilities\Train Simulator\Routes\USA1\World\w-011033+014300.w' is not defined! ('-07416068')
      Sound-File 'E:\Rail Utilities\Train Simulator\Routes\USA1\World\w-011033+014300.ws' is not defined!
 ---> Tile-Datafile 'E:\Rail Utilities\Train Simulator\Routes\USA1\Tiles\-07416068_y.raw' is NOT defined! (-11033,14300)
 ---> (LO-)Tile-File 'E:\Rail Utilities\Train Simulator\Routes\USA1\Tiles\-07416068.t' could not be found! (-11033,14300)
 ---> World-File 'E:\Rail Utilities\Train Simulator\Routes\USA1\World\w-011034+014300.w' is not defined! ('-0741606c')
      Sound-File 'E:\Rail Utilities\Train Simulator\Routes\USA1\World\w-011034+014300.ws' is not defined!
 ---> Tile-Datafile 'E:\Rail Utilities\Train Simulator\Routes\USA1\Tiles\-0741606c_y.raw' is NOT defined! (-11034,14300)
 ---> (LO-)Tile-File 'E:\Rail Utilities\Train Simulator\Routes\USA1\Tiles\-0741606c.t' could not be found! (-11034,14300)
 ---> World-File 'E:\Rail Utilities\Train Simulator\Routes\USA1\World\w-011035+014300.w' is not defined! ('-07416078')
      Sound-File 'E:\Rail Utilities\Train Simulator\Routes\USA1\World\w-011035+014300.ws' is not defined!
 ---> Tile-Datafile 'E:\Rail Utilities\Train Simulator\Routes\USA1\Tiles\-07416078_y.raw' is NOT defined! (-11035,14300)
 ---> (LO-)Tile-File 'E:\Rail Utilities\Train Simulator\Routes\USA1\Tiles\-07416078.t' could not be found! (-11035,14300)
      Sound-File 'E:\Rail Utilities\Train Simulator\Routes\USA1\World\w-011036+014300.ws' is not defined!
 ---> World-File 'E:\Rail Utilities\Train Simulator\Routes\USA1\World\w-011036+014299.w' is not defined! ('-07416080')
      Sound-File 'E:\Rail Utilities\Train Simulator\Routes\USA1\World\w-011036+014299.ws' is not defined!
 ---> Tile-Datafile 'E:\Rail Utilities\Train Simulator\Routes\USA1\Tiles\-07416080_y.raw' is NOT defined! (-11036,14299)
 ---> (LO-)Tile-File 'E:\Rail Utilities\Train Simulator\Routes\USA1\Tiles\-07416080.t' could not be found! (-11036,14299)
 ---> World-File 'E:\Rail Utilities\Train Simulator\Routes\USA1\World\w-011033+014298.w' is not defined! ('-07416098')
      Sound-File 'E:\Rail Utilities\Train Simulator\Routes\USA1\World\w-011033+014298.ws' is not defined!
 ---> Tile-Datafile 'E:\Rail Utilities\Train Simulator\Routes\USA1\Tiles\-07416098_y.raw' is NOT defined! (-11033,14298)
 ---> (LO-)Tile-File 'E:\Rail Utilities\Train Simulator\Routes\USA1\Tiles\-07416098.t' could not be found! (-11033,14298)
      Sound-File 'E:\Rail Utilities\Train Simulator\Routes\USA1\World\w-011034+014298.ws' is not defined!
      Sound-File 'E:\Rail Utilities\Train Simulator\Routes\USA1\World\w-011036+014297.ws' is not defined!
 ---> World-File 'E:\Rail Utilities\Train Simulator\Routes\USA1\World\w-011035+014297.w' is not defined! ('-074160b4')
      Sound-File 'E:\Rail Utilities\Train Simulator\Routes\USA1\World\w-011035+014297.ws' is not defined!
 ---> Tile-Datafile 'E:\Rail Utilities\Train Simulator\Routes\USA1\Tiles\-074160b4_y.raw' is NOT defined! (-11035,14297)
 ---> (LO-)Tile-File 'E:\Rail Utilities\Train Simulator\Routes\USA1\Tiles\-074160b4.t' could not be found! (-11035,14297)
 ---> World-File 'E:\Rail Utilities\Train Simulator\Routes\USA1\World\w-011037+014299.w' is not defined! ('-074160d4')
      Sound-File 'E:\Rail Utilities\Train Simulator\Routes\USA1\World\w-011037+014299.ws' is not defined!
 ---> Tile-Datafile 'E:\Rail Utilities\Train Simulator\Routes\USA1\Tiles\-074160d4_y.raw' is NOT defined! (-11037,14299)
 ---> (LO-)Tile-File 'E:\Rail Utilities\Train Simulator\Routes\USA1\Tiles\-074160d4.t' could not be found! (-11037,14299)
      Sound-File 'E:\Rail Utilities\Train Simulator\Routes\USA1\World\w-011037+014298.ws' is not defined!
      Sound-File 'E:\Rail Utilities\Train Simulator\Routes\USA1\World\w-011038+014298.ws' is not defined!
      (LO-)Tile (-11038,14298) (Length=2) is populated as well as cut into Sub-Tiles!
 ---> World-File 'E:\Rail Utilities\Train Simulator\Routes\USA1\World\w-011029+014303.w' is not defined! ('-07416114')
      Sound-File 'E:\Rail Utilities\Train Simulator\Routes\USA1\World\w-011029+014303.ws' is not defined!
 ---> Tile-Datafile 'E:\Rail Utilities\Train Simulator\Routes\USA1\Tiles\-07416114_y.raw' is NOT defined! (-11029,14303)
 ---> (LO-)Tile-File 'E:\Rail Utilities\Train Simulator\Routes\USA1\Tiles\-07416114.t' could not be found! (-11029,14303)
 ---> World-File 'E:\Rail Utilities\Train Simulator\Routes\USA1\World\w-011030+014302.w' is not defined! ('-0741611c')
      Sound-File 'E:\Rail Utilities\Train Simulator\Routes\USA1\World\w-011030+014302.ws' is not defined!
 ---> Tile-Datafile 'E:\Rail Utilities\Train Simulator\Routes\USA1\Tiles\-0741611c_y.raw' is NOT defined! (-11030,14302)
 ---> (LO-)Tile-File 'E:\Rail Utilities\Train Simulator\Routes\USA1\Tiles\-0741611c.t' could not be found! (-11030,14302)
 ---> World-File 'E:\Rail Utilities\Train Simulator\Routes\USA1\World\w-011030+014301.w' is not defined! ('-07416120')
      Sound-File 'E:\Rail Utilities\Train Simulator\Routes\USA1\World\w-011030+014301.ws' is not defined!
 ---> Tile-Datafile 'E:\Rail Utilities\Train Simulator\Routes\USA1\Tiles\-07416120_y.raw' is NOT defined! (-11030,14301)
 ---> (LO-)Tile-File 'E:\Rail Utilities\Train Simulator\Routes\USA1\Tiles\-07416120.t' could not be found! (-11030,14301)
 ---> World-File 'E:\Rail Utilities\Train Simulator\Routes\USA1\World\w-011032+014301.w' is not defined! ('-07416130')
      Sound-File 'E:\Rail Utilities\Train Simulator\Routes\USA1\World\w-011032+014301.ws' is not defined!
 ---> Tile-Datafile 'E:\Rail Utilities\Train Simulator\Routes\USA1\Tiles\-07416130_y.raw' is NOT defined! (-11032,14301)
 ---> (LO-)Tile-File 'E:\Rail Utilities\Train Simulator\Routes\USA1\Tiles\-07416130.t' could not be found! (-11032,14301)
 ---> World-File 'E:\Rail Utilities\Train Simulator\Routes\USA1\World\w-011031+014301.w' is not defined! ('-07416134')
      Sound-File 'E:\Rail Utilities\Train Simulator\Routes\USA1\World\w-011031+014301.ws' is not defined!
 ---> Tile-Datafile 'E:\Rail Utilities\Train Simulator\Routes\USA1\Tiles\-07416134_y.raw' is NOT defined! (-11031,14301)
 ---> (LO-)Tile-File 'E:\Rail Utilities\Train Simulator\Routes\USA1\Tiles\-07416134.t' could not be found! (-11031,14301)
 ---> World-File 'E:\Rail Utilities\Train Simulator\Routes\USA1\World\w-011031+014300.w' is not defined! ('-07416138')
      Sound-File 'E:\Rail Utilities\Train Simulator\Routes\USA1\World\w-011031+014300.ws' is not defined!
 ---> Tile-Datafile 'E:\Rail Utilities\Train Simulator\Routes\USA1\Tiles\-07416138_y.raw' is NOT defined! (-11031,14300)
 ---> (LO-)Tile-File 'E:\Rail Utilities\Train Simulator\Routes\USA1\Tiles\-07416138.t' could not be found! (-11031,14300)
 ---> World-File 'E:\Rail Utilities\Train Simulator\Routes\USA1\World\w-011032+014300.w' is not defined! ('-0741613c')
      Sound-File 'E:\Rail Utilities\Train Simulator\Routes\USA1\World\w-011032+014300.ws' is not defined!
 ---> Tile-Datafile 'E:\Rail Utilities\Train Simulator\Routes\USA1\Tiles\-0741613c_y.raw' is NOT defined! (-11032,14300)
 ---> (LO-)Tile-File 'E:\Rail Utilities\Train Simulator\Routes\USA1\Tiles\-0741613c.t' could not be found! (-11032,14300)
 ---> World-File 'E:\Rail Utilities\Train Simulator\Routes\USA1\World\w-011026+014302.w' is not defined! ('-0741615c')
      Sound-File 'E:\Rail Utilities\Train Simulator\Routes\USA1\World\w-011026+014302.ws' is not defined!
 ---> Tile-Datafile 'E:\Rail Utilities\Train Simulator\Routes\USA1\Tiles\-0741615c_y.raw' is NOT defined! (-11026,14302)
 ---> (LO-)Tile-File 'E:\Rail Utilities\Train Simulator\Routes\USA1\Tiles\-0741615c.t' could not be found! (-11026,14302)
 ---> World-File 'E:\Rail Utilities\Train Simulator\Routes\USA1\World\w-011028+014301.w' is not defined! ('-07416170')
      Sound-File 'E:\Rail Utilities\Train Simulator\Routes\USA1\World\w-011028+014301.ws' is not defined!
 ---> Tile-Datafile 'E:\Rail Utilities\Train Simulator\Routes\USA1\Tiles\-07416170_y.raw' is NOT defined! (-11028,14301)
 ---> (LO-)Tile-File 'E:\Rail Utilities\Train Simulator\Routes\USA1\Tiles\-07416170.t' could not be found! (-11028,14301)
 ---> World-File 'E:\Rail Utilities\Train Simulator\Routes\USA1\World\w-011027+014301.w' is not defined! ('-07416174')
      Sound-File 'E:\Rail Utilities\Train Simulator\Routes\USA1\World\w-011027+014301.ws' is not defined!
 ---> Tile-Datafile 'E:\Rail Utilities\Train Simulator\Routes\USA1\Tiles\-07416174_y.raw' is NOT defined! (-11027,14301)
 ---> (LO-)Tile-File 'E:\Rail Utilities\Train Simulator\Routes\USA1\Tiles\-07416174.t' could not be found! (-11027,14301)
      Sound-File 'E:\Rail Utilities\Train Simulator\Routes\USA1\World\w-011028+014300.ws' is not defined!
 ---> World-File 'E:\Rail Utilities\Train Simulator\Routes\USA1\World\w-011031+014298.w' is not defined! ('-074161c8')
      Sound-File 'E:\Rail Utilities\Train Simulator\Routes\USA1\World\w-011031+014298.ws' is not defined!
 ---> Tile-Datafile 'E:\Rail Utilities\Train Simulator\Routes\USA1\Tiles\-074161c8_y.raw' is NOT defined! (-11031,14298)
 ---> (LO-)Tile-File 'E:\Rail Utilities\Train Simulator\Routes\USA1\Tiles\-074161c8.t' could not be found! (-11031,14298)
 ---> World-File 'E:\Rail Utilities\Train Simulator\Routes\USA1\World\w-011032+014298.w' is not defined! ('-074161cc')
      Sound-File 'E:\Rail Utilities\Train Simulator\Routes\USA1\World\w-011032+014298.ws' is not defined!
 ---> Tile-Datafile 'E:\Rail Utilities\Train Simulator\Routes\USA1\Tiles\-074161cc_y.raw' is NOT defined! (-11032,14298)
 ---> (LO-)Tile-File 'E:\Rail Utilities\Train Simulator\Routes\USA1\Tiles\-074161cc.t' could not be found! (-11032,14298)
 ---> World-File 'E:\Rail Utilities\Train Simulator\Routes\USA1\World\w-011030+014298.w' is not defined! ('-074161dc')
      Sound-File 'E:\Rail Utilities\Train Simulator\Routes\USA1\World\w-011030+014298.ws' is not defined!
 ---> Tile-Datafile 'E:\Rail Utilities\Train Simulator\Routes\USA1\Tiles\-074161dc_y.raw' is NOT defined! (-11030,14298)
 ---> (LO-)Tile-File 'E:\Rail Utilities\Train Simulator\Routes\USA1\Tiles\-074161dc.t' could not be found! (-11030,14298)
      Sound-File 'E:\Rail Utilities\Train Simulator\Routes\USA1\World\w-011040+014295.ws' is not defined!
 ---> World-File 'E:\Rail Utilities\Train Simulator\Routes\USA1\World\w-011040+014294.w' is not defined! ('-0741630c')
      Sound-File 'E:\Rail Utilities\Train Simulator\Routes\USA1\World\w-011040+014294.ws' is not defined!
 ---> Tile-Datafile 'E:\Rail Utilities\Train Simulator\Routes\USA1\Tiles\-0741630c_y.raw' is NOT defined! (-11040,14294)
 ---> (LO-)Tile-File 'E:\Rail Utilities\Train Simulator\Routes\USA1\Tiles\-0741630c.t' could not be found! (-11040,14294)
 ---> World-File 'E:\Rail Utilities\Train Simulator\Routes\USA1\World\w-011040+014292.w' is not defined! ('-0741633c')
      Sound-File 'E:\Rail Utilities\Train Simulator\Routes\USA1\World\w-011040+014292.ws' is not defined!
 ---> World-File 'E:\Rail Utilities\Train Simulator\Routes\USA1\World\w-011040+014293.w' is not defined! ('-07416330')
      Sound-File 'E:\Rail Utilities\Train Simulator\Routes\USA1\World\w-011040+014293.ws' is not defined!
 ---> World-File 'E:\Rail Utilities\Train Simulator\Routes\USA1\World\w-011039+014292.w' is not defined! ('-07416338')
      Sound-File 'E:\Rail Utilities\Train Simulator\Routes\USA1\World\w-011039+014292.ws' is not defined!
 ---> World-File 'E:\Rail Utilities\Train Simulator\Routes\USA1\World\w-011039+014293.w' is not defined! ('-07416334')
      Sound-File 'E:\Rail Utilities\Train Simulator\Routes\USA1\World\w-011039+014293.ws' is not defined!
 ---> Tile-Datafile 'E:\Rail Utilities\Train Simulator\Routes\USA1\Tiles\_0741633_y.raw' is NOT defined! (-11040,14292)
 ---> (LO-)Tile-File 'E:\Rail Utilities\Train Simulator\Routes\USA1\Tiles\_0741633.t' could not be found! (-11040,14292)
 ---> World-File 'E:\Rail Utilities\Train Simulator\Routes\USA1\World\w-011024+014303.w' is not defined! ('-07416400')
      Sound-File 'E:\Rail Utilities\Train Simulator\Routes\USA1\World\w-011024+014303.ws' is not defined!
 ---> Tile-Datafile 'E:\Rail Utilities\Train Simulator\Routes\USA1\Tiles\-07416400_y.raw' is NOT defined! (-11024,14303)
 ---> (LO-)Tile-File 'E:\Rail Utilities\Train Simulator\Routes\USA1\Tiles\-07416400.t' could not be found! (-11024,14303)
 ---> World-File 'E:\Rail Utilities\Train Simulator\Routes\USA1\World\w-011041+014297.w' is not defined! ('-074175a4')
      Sound-File 'E:\Rail Utilities\Train Simulator\Routes\USA1\World\w-011041+014297.ws' is not defined!
 ---> Tile-Datafile 'E:\Rail Utilities\Train Simulator\Routes\USA1\Tiles\-074175a4_y.raw' is NOT defined! (-11041,14297)
 ---> (LO-)Tile-File 'E:\Rail Utilities\Train Simulator\Routes\USA1\Tiles\-074175a4.t' could not be found! (-11041,14297)
      Sound-File 'E:\Rail Utilities\Train Simulator\Routes\USA1\World\w-011045+014292.ws' is not defined!
      Sound-File 'E:\Rail Utilities\Train Simulator\Routes\USA1\World\w-011042+014295.ws' is not defined!
 ---> World-File 'E:\Rail Utilities\Train Simulator\Routes\USA1\World\w-011042+014293.w' is not defined! ('-07417660')
      Sound-File 'E:\Rail Utilities\Train Simulator\Routes\USA1\World\w-011042+014293.ws' is not defined!
 ---> Tile-Datafile 'E:\Rail Utilities\Train Simulator\Routes\USA1\Tiles\-07417660_y.raw' is NOT defined! (-11042,14293)
 ---> (LO-)Tile-File 'E:\Rail Utilities\Train Simulator\Routes\USA1\Tiles\-07417660.t' could not be found! (-11042,14293)
 ---> World-File 'E:\Rail Utilities\Train Simulator\Routes\USA1\World\w-011041+014293.w' is not defined! ('-07417664')
      Sound-File 'E:\Rail Utilities\Train Simulator\Routes\USA1\World\w-011041+014293.ws' is not defined!
 ---> Tile-Datafile 'E:\Rail Utilities\Train Simulator\Routes\USA1\Tiles\-07417664_y.raw' is NOT defined! (-11041,14293)
 ---> (LO-)Tile-File 'E:\Rail Utilities\Train Simulator\Routes\USA1\Tiles\-07417664.t' could not be found! (-11041,14293)
 ---> World-File 'E:\Rail Utilities\Train Simulator\Routes\USA1\World\w-011042+014292.w' is not defined! ('-0741766c')
      Sound-File 'E:\Rail Utilities\Train Simulator\Routes\USA1\World\w-011042+014292.ws' is not defined!
 ---> Tile-Datafile 'E:\Rail Utilities\Train Simulator\Routes\USA1\Tiles\-0741766c_y.raw' is NOT defined! (-11042,14292)
 ---> (LO-)Tile-File 'E:\Rail Utilities\Train Simulator\Routes\USA1\Tiles\-0741766c.t' could not be found! (-11042,14292)
      Sound-File 'E:\Rail Utilities\Train Simulator\Routes\USA1\World\w-011044+014292.ws' is not defined!
      Sound-File 'E:\Rail Utilities\Train Simulator\Routes\USA1\World\w-011044+014290.ws' is not defined!
 ---> World-File 'E:\Rail Utilities\Train Simulator\Routes\USA1\World\w-011047+014290.w' is not defined! ('-074176c8')
      Sound-File 'E:\Rail Utilities\Train Simulator\Routes\USA1\World\w-011047+014290.ws' is not defined!
 ---> Tile-Datafile 'E:\Rail Utilities\Train Simulator\Routes\USA1\Tiles\-074176c8_y.raw' is NOT defined! (-11047,14290)
 ---> (LO-)Tile-File 'E:\Rail Utilities\Train Simulator\Routes\USA1\Tiles\-074176c8.t' could not be found! (-11047,14290)
 ---> World-File 'E:\Rail Utilities\Train Simulator\Routes\USA1\World\w-011046+014291.w' is not defined! ('-074176d0')
      Sound-File 'E:\Rail Utilities\Train Simulator\Routes\USA1\World\w-011046+014291.ws' is not defined!
 ---> Tile-Datafile 'E:\Rail Utilities\Train Simulator\Routes\USA1\Tiles\-074176d0_y.raw' is NOT defined! (-11046,14291)
 ---> (LO-)Tile-File 'E:\Rail Utilities\Train Simulator\Routes\USA1\Tiles\-074176d0.t' could not be found! (-11046,14291)
      Sound-File 'E:\Rail Utilities\Train Simulator\Routes\USA1\World\w-011045+014291.ws' is not defined!
      Sound-File 'E:\Rail Utilities\Train Simulator\Routes\USA1\World\w-011045+014289.ws' is not defined!
 ---> World-File 'E:\Rail Utilities\Train Simulator\Routes\USA1\World\w-011046+014288.w' is not defined! ('-074176ec')
      Sound-File 'E:\Rail Utilities\Train Simulator\Routes\USA1\World\w-011046+014288.ws' is not defined!
 ---> Tile-Datafile 'E:\Rail Utilities\Train Simulator\Routes\USA1\Tiles\-074176ec_y.raw' is NOT defined! (-11046,14288)
 ---> (LO-)Tile-File 'E:\Rail Utilities\Train Simulator\Routes\USA1\Tiles\-074176ec.t' could not be found! (-11046,14288)
 ---> World-File 'E:\Rail Utilities\Train Simulator\Routes\USA1\World\w-011048+014289.w' is not defined! ('-074176f0')
      Sound-File 'E:\Rail Utilities\Train Simulator\Routes\USA1\World\w-011048+014289.ws' is not defined!
 ---> Tile-Datafile 'E:\Rail Utilities\Train Simulator\Routes\USA1\Tiles\-074176f0_y.raw' is NOT defined! (-11048,14289)
 ---> (LO-)Tile-File 'E:\Rail Utilities\Train Simulator\Routes\USA1\Tiles\-074176f0.t' could not be found! (-11048,14289)
 ---> World-File 'E:\Rail Utilities\Train Simulator\Routes\USA1\World\w-011049+014288.w' is not defined! ('-074177a8')
      Sound-File 'E:\Rail Utilities\Train Simulator\Routes\USA1\World\w-011049+014288.ws' is not defined!
 ---> Tile-Datafile 'E:\Rail Utilities\Train Simulator\Routes\USA1\Tiles\-074177a8_y.raw' is NOT defined! (-11049,14288)
 ---> (LO-)Tile-File 'E:\Rail Utilities\Train Simulator\Routes\USA1\Tiles\-074177a8.t' could not be found! (-11049,14288)
 ---> World-File 'E:\Rail Utilities\Train Simulator\Routes\USA1\World\w-011053+014285.w' is not defined! ('-07417824')
      Sound-File 'E:\Rail Utilities\Train Simulator\Routes\USA1\World\w-011053+014285.ws' is not defined!
 ---> Tile-Datafile 'E:\Rail Utilities\Train Simulator\Routes\USA1\Tiles\-07417824_y.raw' is NOT defined! (-11053,14285)
 ---> (LO-)Tile-File 'E:\Rail Utilities\Train Simulator\Routes\USA1\Tiles\-07417824.t' could not be found! (-11053,14285)
 ---> World-File 'E:\Rail Utilities\Train Simulator\Routes\USA1\World\w-011051+014286.w' is not defined! ('-07417848')
      Sound-File 'E:\Rail Utilities\Train Simulator\Routes\USA1\World\w-011051+014286.ws' is not defined!
 ---> Tile-Datafile 'E:\Rail Utilities\Train Simulator\Routes\USA1\Tiles\-07417848_y.raw' is NOT defined! (-11051,14286)
 ---> (LO-)Tile-File 'E:\Rail Utilities\Train Simulator\Routes\USA1\Tiles\-07417848.t' could not be found! (-11051,14286)
 ---> World-File 'E:\Rail Utilities\Train Simulator\Routes\USA1\World\w-011050+014287.w' is not defined! ('-07417850')
      Sound-File 'E:\Rail Utilities\Train Simulator\Routes\USA1\World\w-011050+014287.ws' is not defined!
 ---> Tile-Datafile 'E:\Rail Utilities\Train Simulator\Routes\USA1\Tiles\-07417850_y.raw' is NOT defined! (-11050,14287)
 ---> (LO-)Tile-File 'E:\Rail Utilities\Train Simulator\Routes\USA1\Tiles\-07417850.t' could not be found! (-11050,14287)
 ---> World-File 'E:\Rail Utilities\Train Simulator\Routes\USA1\World\w-011050+014286.w' is not defined! ('-0741785c')
      Sound-File 'E:\Rail Utilities\Train Simulator\Routes\USA1\World\w-011050+014286.ws' is not defined!
 ---> Tile-Datafile 'E:\Rail Utilities\Train Simulator\Routes\USA1\Tiles\-0741785c_y.raw' is NOT defined! (-11050,14286)
 ---> (LO-)Tile-File 'E:\Rail Utilities\Train Simulator\Routes\USA1\Tiles\-0741785c.t' could not be found! (-11050,14286)
      Sound-File 'E:\Rail Utilities\Train Simulator\Routes\USA1\World\w-011049+014285.ws' is not defined!
 ---> World-File 'E:\Rail Utilities\Train Simulator\Routes\USA1\World\w-011049+014284.w' is not defined! ('-07417868')
      Sound-File 'E:\Rail Utilities\Train Simulator\Routes\USA1\World\w-011049+014284.ws' is not defined!
 ---> Tile-Datafile 'E:\Rail Utilities\Train Simulator\Routes\USA1\Tiles\-07417868_y.raw' is NOT defined! (-11049,14284)
 ---> (LO-)Tile-File 'E:\Rail Utilities\Train Simulator\Routes\USA1\Tiles\-07417868.t' could not be found! (-11049,14284)
 ---> World-File 'E:\Rail Utilities\Train Simulator\Routes\USA1\World\w-011050+014284.w' is not defined! ('-0741786c')
      Sound-File 'E:\Rail Utilities\Train Simulator\Routes\USA1\World\w-011050+014284.ws' is not defined!
 ---> Tile-Datafile 'E:\Rail Utilities\Train Simulator\Routes\USA1\Tiles\-0741786c_y.raw' is NOT defined! (-11050,14284)
 ---> (LO-)Tile-File 'E:\Rail Utilities\Train Simulator\Routes\USA1\Tiles\-0741786c.t' could not be found! (-11050,14284)
 ---> World-File 'E:\Rail Utilities\Train Simulator\Routes\USA1\World\w-011052+014285.w' is not defined! ('-07417870')
      Sound-File 'E:\Rail Utilities\Train Simulator\Routes\USA1\World\w-011052+014285.ws' is not defined!
 ---> Tile-Datafile 'E:\Rail Utilities\Train Simulator\Routes\USA1\Tiles\-07417870_y.raw' is NOT defined! (-11052,14285)
 ---> (LO-)Tile-File 'E:\Rail Utilities\Train Simulator\Routes\USA1\Tiles\-07417870.t' could not be found! (-11052,14285)
 ---> World-File 'E:\Rail Utilities\Train Simulator\Routes\USA1\World\w-011052+014283.w' is not defined! ('-07417880')
      Sound-File 'E:\Rail Utilities\Train Simulator\Routes\USA1\World\w-011052+014283.ws' is not defined!
 ---> Tile-Datafile 'E:\Rail Utilities\Train Simulator\Routes\USA1\Tiles\-07417880_y.raw' is NOT defined! (-11052,14283)
 ---> (LO-)Tile-File 'E:\Rail Utilities\Train Simulator\Routes\USA1\Tiles\-07417880.t' could not be found! (-11052,14283)
 ---> World-File 'E:\Rail Utilities\Train Simulator\Routes\USA1\World\w-011051+014283.w' is not defined! ('-07417884')
      Sound-File 'E:\Rail Utilities\Train Simulator\Routes\USA1\World\w-011051+014283.ws' is not defined!
 ---> Tile-Datafile 'E:\Rail Utilities\Train Simulator\Routes\USA1\Tiles\-07417884_y.raw' is NOT defined! (-11051,14283)
 ---> (LO-)Tile-File 'E:\Rail Utilities\Train Simulator\Routes\USA1\Tiles\-07417884.t' could not be found! (-11051,14283)
      Sound-File 'E:\Rail Utilities\Train Simulator\Routes\USA1\World\w-011056+014283.ws' is not defined!
      Sound-File 'E:\Rail Utilities\Train Simulator\Routes\USA1\World\w-011053+014283.ws' is not defined!
 ---> World-File 'E:\Rail Utilities\Train Simulator\Routes\USA1\World\w-011053+014282.w' is not defined! ('-074178d8')
      Sound-File 'E:\Rail Utilities\Train Simulator\Routes\USA1\World\w-011053+014282.ws' is not defined!
 ---> Tile-Datafile 'E:\Rail Utilities\Train Simulator\Routes\USA1\Tiles\-074178d8_y.raw' is NOT defined! (-11053,14282)
 ---> (LO-)Tile-File 'E:\Rail Utilities\Train Simulator\Routes\USA1\Tiles\-074178d8.t' could not be found! (-11053,14282)
      Sound-File 'E:\Rail Utilities\Train Simulator\Routes\USA1\World\w-011054+014282.ws' is not defined!
 ---> World-File 'E:\Rail Utilities\Train Simulator\Routes\USA1\World\w-011047+014287.w' is not defined! ('-07417904')
      Sound-File 'E:\Rail Utilities\Train Simulator\Routes\USA1\World\w-011047+014287.ws' is not defined!
 ---> Tile-Datafile 'E:\Rail Utilities\Train Simulator\Routes\USA1\Tiles\-07417904_y.raw' is NOT defined! (-11047,14287)
 ---> (LO-)Tile-File 'E:\Rail Utilities\Train Simulator\Routes\USA1\Tiles\-07417904.t' could not be found! (-11047,14287)
 ---> World-File 'E:\Rail Utilities\Train Simulator\Routes\USA1\World\w-011048+014286.w' is not defined! ('-0741790c')
      Sound-File 'E:\Rail Utilities\Train Simulator\Routes\USA1\World\w-011048+014286.ws' is not defined!
 ---> Tile-Datafile 'E:\Rail Utilities\Train Simulator\Routes\USA1\Tiles\-0741790c_y.raw' is NOT defined! (-11048,14286)
 ---> (LO-)Tile-File 'E:\Rail Utilities\Train Simulator\Routes\USA1\Tiles\-0741790c.t' could not be found! (-11048,14286)
      (LO-)Tile (-11048,14284) (Length=4) is populated as well as cut into Sub-Tiles!
 ---> World-File 'E:\Rail Utilities\Train Simulator\Routes\USA1\World\w-011059+014282.w' is not defined! ('-07417d88')
      Sound-File 'E:\Rail Utilities\Train Simulator\Routes\USA1\World\w-011059+014282.ws' is not defined!
 ---> Tile-Datafile 'E:\Rail Utilities\Train Simulator\Routes\USA1\Tiles\-07417d88_y.raw' is NOT defined! (-11059,14282)
 ---> (LO-)Tile-File 'E:\Rail Utilities\Train Simulator\Routes\USA1\Tiles\-07417d88.t' could not be found! (-11059,14282)
      Sound-File 'E:\Rail Utilities\Train Simulator\Routes\USA1\World\w-011057+014282.ws' is not defined!
 ---> World-File 'E:\Rail Utilities\Train Simulator\Routes\USA1\World\w-011058+014282.w' is not defined! ('-07417d9c')
      Sound-File 'E:\Rail Utilities\Train Simulator\Routes\USA1\World\w-011058+014282.ws' is not defined!
 ---> Tile-Datafile 'E:\Rail Utilities\Train Simulator\Routes\USA1\Tiles\-07417d9c_y.raw' is NOT defined! (-11058,14282)
 ---> (LO-)Tile-File 'E:\Rail Utilities\Train Simulator\Routes\USA1\Tiles\-07417d9c.t' could not be found! (-11058,14282)
      Sound-File 'E:\Rail Utilities\Train Simulator\Routes\USA1\World\w-011060+014281.ws' is not defined!
 ---> World-File 'E:\Rail Utilities\Train Simulator\Routes\USA1\World\w-011060+014280.w' is not defined! ('-07417dbc')
      Sound-File 'E:\Rail Utilities\Train Simulator\Routes\USA1\World\w-011060+014280.ws' is not defined!
 ---> Tile-Datafile 'E:\Rail Utilities\Train Simulator\Routes\USA1\Tiles\-07417dbc_y.raw' is NOT defined! (-11060,14280)
 ---> (LO-)Tile-File 'E:\Rail Utilities\Train Simulator\Routes\USA1\Tiles\-07417dbc.t' could not be found! (-11060,14280)
 ---> World-File 'E:\Rail Utilities\Train Simulator\Routes\USA1\World\w-011061+014283.w' is not defined! ('-07417dd4')
      Sound-File 'E:\Rail Utilities\Train Simulator\Routes\USA1\World\w-011061+014283.ws' is not defined!
 ---> Tile-Datafile 'E:\Rail Utilities\Train Simulator\Routes\USA1\Tiles\-07417dd4_y.raw' is NOT defined! (-11061,14283)
 ---> (LO-)Tile-File 'E:\Rail Utilities\Train Simulator\Routes\USA1\Tiles\-07417dd4.t' could not be found! (-11061,14283)
 ---> World-File 'E:\Rail Utilities\Train Simulator\Routes\USA1\World\w-011062+014280.w' is not defined! ('-07417dec')
      Sound-File 'E:\Rail Utilities\Train Simulator\Routes\USA1\World\w-011062+014280.ws' is not defined!
 ---> Tile-Datafile 'E:\Rail Utilities\Train Simulator\Routes\USA1\Tiles\-07417dec_y.raw' is NOT defined! (-11062,14280)
 ---> (LO-)Tile-File 'E:\Rail Utilities\Train Simulator\Routes\USA1\Tiles\-07417dec.t' could not be found! (-11062,14280)
 ---> World-File 'E:\Rail Utilities\Train Simulator\Routes\USA1\World\w-011062+014279.w' is not defined! ('-07417e10')
      Sound-File 'E:\Rail Utilities\Train Simulator\Routes\USA1\World\w-011062+014279.ws' is not defined!
 ---> Tile-Datafile 'E:\Rail Utilities\Train Simulator\Routes\USA1\Tiles\-07417e10_y.raw' is NOT defined! (-11062,14279)
 ---> (LO-)Tile-File 'E:\Rail Utilities\Train Simulator\Routes\USA1\Tiles\-07417e10.t' could not be found! (-11062,14279)
 ---> World-File 'E:\Rail Utilities\Train Simulator\Routes\USA1\World\w-011062+014278.w' is not defined! ('-07417e1c')
      Sound-File 'E:\Rail Utilities\Train Simulator\Routes\USA1\World\w-011062+014278.ws' is not defined!
 ---> Tile-Datafile 'E:\Rail Utilities\Train Simulator\Routes\USA1\Tiles\-07417e1c_y.raw' is NOT defined! (-11062,14278)
 ---> (LO-)Tile-File 'E:\Rail Utilities\Train Simulator\Routes\USA1\Tiles\-07417e1c.t' could not be found! (-11062,14278)
 ---> World-File 'E:\Rail Utilities\Train Simulator\Routes\USA1\World\w-011061+014276.w' is not defined! ('-07417e28')
      Sound-File 'E:\Rail Utilities\Train Simulator\Routes\USA1\World\w-011061+014276.ws' is not defined!
 ---> Tile-Datafile 'E:\Rail Utilities\Train Simulator\Routes\USA1\Tiles\-07417e28_y.raw' is NOT defined! (-11061,14276)
 ---> (LO-)Tile-File 'E:\Rail Utilities\Train Simulator\Routes\USA1\Tiles\-07417e28.t' could not be found! (-11061,14276)
      Sound-File 'E:\Rail Utilities\Train Simulator\Routes\USA1\World\w-011060+014279.ws' is not defined!
      Sound-File 'E:\Rail Utilities\Train Simulator\Routes\USA1\World\w-011060+014278.ws' is not defined!
 ---> World-File 'E:\Rail Utilities\Train Simulator\Routes\USA1\World\w-011059+014277.w' is not defined! ('-07417e74')
      Sound-File 'E:\Rail Utilities\Train Simulator\Routes\USA1\World\w-011059+014277.ws' is not defined!
 ---> Tile-Datafile 'E:\Rail Utilities\Train Simulator\Routes\USA1\Tiles\-07417e74_y.raw' is NOT defined! (-11059,14277)
 ---> (LO-)Tile-File 'E:\Rail Utilities\Train Simulator\Routes\USA1\Tiles\-07417e74.t' could not be found! (-11059,14277)
 ---> World-File 'E:\Rail Utilities\Train Simulator\Routes\USA1\World\w-011059+014276.w' is not defined! ('-07417e78')
      Sound-File 'E:\Rail Utilities\Train Simulator\Routes\USA1\World\w-011059+014276.ws' is not defined!
 ---> Tile-Datafile 'E:\Rail Utilities\Train Simulator\Routes\USA1\Tiles\-07417e78_y.raw' is NOT defined! (-11059,14276)
 ---> (LO-)Tile-File 'E:\Rail Utilities\Train Simulator\Routes\USA1\Tiles\-07417e78.t' could not be found! (-11059,14276)
 ---> World-File 'E:\Rail Utilities\Train Simulator\Routes\USA1\World\w-011059+014275.w' is not defined! ('-07417e84')
      Sound-File 'E:\Rail Utilities\Train Simulator\Routes\USA1\World\w-011059+014275.ws' is not defined!
 ---> Tile-Datafile 'E:\Rail Utilities\Train Simulator\Routes\USA1\Tiles\-07417e84_y.raw' is NOT defined! (-11059,14275)
 ---> (LO-)Tile-File 'E:\Rail Utilities\Train Simulator\Routes\USA1\Tiles\-07417e84.t' could not be found! (-11059,14275)
 ---> World-File 'E:\Rail Utilities\Train Simulator\Routes\USA1\World\w-011059+014274.w' is not defined! ('-07417e88')
      Sound-File 'E:\Rail Utilities\Train Simulator\Routes\USA1\World\w-011059+014274.ws' is not defined!
 ---> Tile-Datafile 'E:\Rail Utilities\Train Simulator\Routes\USA1\Tiles\-07417e88_y.raw' is NOT defined! (-11059,14274)
 ---> (LO-)Tile-File 'E:\Rail Utilities\Train Simulator\Routes\USA1\Tiles\-07417e88.t' could not be found! (-11059,14274)
 ---> World-File 'E:\Rail Utilities\Train Simulator\Routes\USA1\World\w-011060+014272.w' is not defined! ('-07417ebc')
      Sound-File 'E:\Rail Utilities\Train Simulator\Routes\USA1\World\w-011060+014272.ws' is not defined!
 ---> Tile-Datafile 'E:\Rail Utilities\Train Simulator\Routes\USA1\Tiles\-07417ebc_y.raw' is NOT defined! (-11060,14272)
 ---> (LO-)Tile-File 'E:\Rail Utilities\Train Simulator\Routes\USA1\Tiles\-07417ebc.t' could not be found! (-11060,14272)
 ---> World-File 'E:\Rail Utilities\Train Simulator\Routes\USA1\World\w-011061+014275.w' is not defined! ('-07417ed4')
      Sound-File 'E:\Rail Utilities\Train Simulator\Routes\USA1\World\w-011061+014275.ws' is not defined!
 ---> Tile-Datafile 'E:\Rail Utilities\Train Simulator\Routes\USA1\Tiles\-07417ed4_y.raw' is NOT defined! (-11061,14275)
 ---> (LO-)Tile-File 'E:\Rail Utilities\Train Simulator\Routes\USA1\Tiles\-07417ed4.t' could not be found! (-11061,14275)
 ---> World-File 'E:\Rail Utilities\Train Simulator\Routes\USA1\World\w-011061+014274.w' is not defined! ('-07417ed8')
      Sound-File 'E:\Rail Utilities\Train Simulator\Routes\USA1\World\w-011061+014274.ws' is not defined!
 ---> Tile-Datafile 'E:\Rail Utilities\Train Simulator\Routes\USA1\Tiles\-07417ed8_y.raw' is NOT defined! (-11061,14274)
 ---> (LO-)Tile-File 'E:\Rail Utilities\Train Simulator\Routes\USA1\Tiles\-07417ed8.t' could not be found! (-11061,14274)
 ---> World-File 'E:\Rail Utilities\Train Simulator\Routes\USA1\World\w-011065+014265.w' is not defined! ('-074180a4')
      Sound-File 'E:\Rail Utilities\Train Simulator\Routes\USA1\World\w-011065+014265.ws' is not defined!
 ---> Tile-Datafile 'E:\Rail Utilities\Train Simulator\Routes\USA1\Tiles\-074180a4_y.raw' is NOT defined! (-11065,14265)
 ---> (LO-)Tile-File 'E:\Rail Utilities\Train Simulator\Routes\USA1\Tiles\-074180a4.t' could not be found! (-11065,14265)
 ---> World-File 'E:\Rail Utilities\Train Simulator\Routes\USA1\World\w-011065+014264.w' is not defined! ('-074180a8')
      Sound-File 'E:\Rail Utilities\Train Simulator\Routes\USA1\World\w-011065+014264.ws' is not defined!
 ---> Tile-Datafile 'E:\Rail Utilities\Train Simulator\Routes\USA1\Tiles\-074180a8_y.raw' is NOT defined! (-11065,14264)
 ---> (LO-)Tile-File 'E:\Rail Utilities\Train Simulator\Routes\USA1\Tiles\-074180a8.t' could not be found! (-11065,14264)
 ---> World-File 'E:\Rail Utilities\Train Simulator\Routes\USA1\World\w-011061+014270.w' is not defined! ('-07418118')
      Sound-File 'E:\Rail Utilities\Train Simulator\Routes\USA1\World\w-011061+014270.ws' is not defined!
 ---> Tile-Datafile 'E:\Rail Utilities\Train Simulator\Routes\USA1\Tiles\-07418118_y.raw' is NOT defined! (-11061,14270)
 ---> (LO-)Tile-File 'E:\Rail Utilities\Train Simulator\Routes\USA1\Tiles\-07418118.t' could not be found! (-11061,14270)
 ---> World-File 'E:\Rail Utilities\Train Simulator\Routes\USA1\World\w-011061+014269.w' is not defined! ('-07418124')
      Sound-File 'E:\Rail Utilities\Train Simulator\Routes\USA1\World\w-011061+014269.ws' is not defined!
 ---> Tile-Datafile 'E:\Rail Utilities\Train Simulator\Routes\USA1\Tiles\-07418124_y.raw' is NOT defined! (-11061,14269)
 ---> (LO-)Tile-File 'E:\Rail Utilities\Train Simulator\Routes\USA1\Tiles\-07418124.t' could not be found! (-11061,14269)
      (LO-)Tile (-11062,14268) (Length=2) is populated as well as cut into Sub-Tiles!
 ---> World-File 'E:\Rail Utilities\Train Simulator\Routes\USA1\World\w-011060+014271.w' is not defined! ('-07418140')
      Sound-File 'E:\Rail Utilities\Train Simulator\Routes\USA1\World\w-011060+014271.ws' is not defined!
 ---> Tile-Datafile 'E:\Rail Utilities\Train Simulator\Routes\USA1\Tiles\-07418140_y.raw' is NOT defined! (-11060,14271)
 ---> (LO-)Tile-File 'E:\Rail Utilities\Train Simulator\Routes\USA1\Tiles\-07418140.t' could not be found! (-11060,14271)
 ---> World-File 'E:\Rail Utilities\Train Simulator\Routes\USA1\World\w-011059+014269.w' is not defined! ('-07418174')
      Sound-File 'E:\Rail Utilities\Train Simulator\Routes\USA1\World\w-011059+014269.ws' is not defined!
 ---> Tile-Datafile 'E:\Rail Utilities\Train Simulator\Routes\USA1\Tiles\-07418174_y.raw' is NOT defined! (-11059,14269)
 ---> (LO-)Tile-File 'E:\Rail Utilities\Train Simulator\Routes\USA1\Tiles\-07418174.t' could not be found! (-11059,14269)
 ---> World-File 'E:\Rail Utilities\Train Simulator\Routes\USA1\World\w-011059+014268.w' is not defined! ('-07418178')
      Sound-File 'E:\Rail Utilities\Train Simulator\Routes\USA1\World\w-011059+014268.ws' is not defined!
 ---> Tile-Datafile 'E:\Rail Utilities\Train Simulator\Routes\USA1\Tiles\-07418178_y.raw' is NOT defined! (-11059,14268)
 ---> (LO-)Tile-File 'E:\Rail Utilities\Train Simulator\Routes\USA1\Tiles\-07418178.t' could not be found! (-11059,14268)
 ---> World-File 'E:\Rail Utilities\Train Simulator\Routes\USA1\World\w-011060+014267.w' is not defined! ('-07418180')
      Sound-File 'E:\Rail Utilities\Train Simulator\Routes\USA1\World\w-011060+014267.ws' is not defined!
 ---> Tile-Datafile 'E:\Rail Utilities\Train Simulator\Routes\USA1\Tiles\-07418180_y.raw' is NOT defined! (-11060,14267)
 ---> (LO-)Tile-File 'E:\Rail Utilities\Train Simulator\Routes\USA1\Tiles\-07418180.t' could not be found! (-11060,14267)
 ---> World-File 'E:\Rail Utilities\Train Simulator\Routes\USA1\World\w-011059+014267.w' is not defined! ('-07418184')
      Sound-File 'E:\Rail Utilities\Train Simulator\Routes\USA1\World\w-011059+014267.ws' is not defined!
 ---> Tile-Datafile 'E:\Rail Utilities\Train Simulator\Routes\USA1\Tiles\-07418184_y.raw' is NOT defined! (-11059,14267)
 ---> (LO-)Tile-File 'E:\Rail Utilities\Train Simulator\Routes\USA1\Tiles\-07418184.t' could not be found! (-11059,14267)
 ---> World-File 'E:\Rail Utilities\Train Simulator\Routes\USA1\World\w-011060+014266.w' is not defined! ('-0741818c')
      Sound-File 'E:\Rail Utilities\Train Simulator\Routes\USA1\World\w-011060+014266.ws' is not defined!
 ---> Tile-Datafile 'E:\Rail Utilities\Train Simulator\Routes\USA1\Tiles\-0741818c_y.raw' is NOT defined! (-11060,14266)
 ---> (LO-)Tile-File 'E:\Rail Utilities\Train Simulator\Routes\USA1\Tiles\-0741818c.t' could not be found! (-11060,14266)
 ---> World-File 'E:\Rail Utilities\Train Simulator\Routes\USA1\World\w-011060+014264.w' is not defined! ('-074181bc')
      Sound-File 'E:\Rail Utilities\Train Simulator\Routes\USA1\World\w-011060+014264.ws' is not defined!
 ---> World-File 'E:\Rail Utilities\Train Simulator\Routes\USA1\World\w-011060+014265.w' is not defined! ('-074181b0')
      Sound-File 'E:\Rail Utilities\Train Simulator\Routes\USA1\World\w-011060+014265.ws' is not defined!
 ---> World-File 'E:\Rail Utilities\Train Simulator\Routes\USA1\World\w-011059+014264.w' is not defined! ('-074181b8')
      Sound-File 'E:\Rail Utilities\Train Simulator\Routes\USA1\World\w-011059+014264.ws' is not defined!
 ---> World-File 'E:\Rail Utilities\Train Simulator\Routes\USA1\World\w-011059+014265.w' is not defined! ('-074181b4')
      Sound-File 'E:\Rail Utilities\Train Simulator\Routes\USA1\World\w-011059+014265.ws' is not defined!
 ---> Tile-Datafile 'E:\Rail Utilities\Train Simulator\Routes\USA1\Tiles\_074181b_y.raw' is NOT defined! (-11060,14264)
 ---> (LO-)Tile-File 'E:\Rail Utilities\Train Simulator\Routes\USA1\Tiles\_074181b.t' could not be found! (-11060,14264)
 ---> World-File 'E:\Rail Utilities\Train Simulator\Routes\USA1\World\w-011064+014266.w' is not defined! ('-074181cc')
      Sound-File 'E:\Rail Utilities\Train Simulator\Routes\USA1\World\w-011064+014266.ws' is not defined!
 ---> Tile-Datafile 'E:\Rail Utilities\Train Simulator\Routes\USA1\Tiles\-074181cc_y.raw' is NOT defined! (-11064,14266)
 ---> (LO-)Tile-File 'E:\Rail Utilities\Train Simulator\Routes\USA1\Tiles\-074181cc.t' could not be found! (-11064,14266)
      Sound-File 'E:\Rail Utilities\Train Simulator\Routes\USA1\World\w-011062+014267.ws' is not defined!
      Sound-File 'E:\Rail Utilities\Train Simulator\Routes\USA1\World\w-011062+014265.ws' is not defined!
 ---> World-File 'E:\Rail Utilities\Train Simulator\Routes\USA1\World\w-011061+014265.w' is not defined! ('-074181e4')
      Sound-File 'E:\Rail Utilities\Train Simulator\Routes\USA1\World\w-011061+014265.ws' is not defined!
 ---> Tile-Datafile 'E:\Rail Utilities\Train Simulator\Routes\USA1\Tiles\-074181e4_y.raw' is NOT defined! (-11061,14265)
 ---> (LO-)Tile-File 'E:\Rail Utilities\Train Simulator\Routes\USA1\Tiles\-074181e4.t' could not be found! (-11061,14265)
      Sound-File 'E:\Rail Utilities\Train Simulator\Routes\USA1\World\w-011064+014265.ws' is not defined!
 ---> World-File 'E:\Rail Utilities\Train Simulator\Routes\USA1\World\w-011063+014264.w' is not defined! ('-074181f8')
      Sound-File 'E:\Rail Utilities\Train Simulator\Routes\USA1\World\w-011063+014264.ws' is not defined!
 ---> Tile-Datafile 'E:\Rail Utilities\Train Simulator\Routes\USA1\Tiles\-074181f8_y.raw' is NOT defined! (-11063,14264)
 ---> (LO-)Tile-File 'E:\Rail Utilities\Train Simulator\Routes\USA1\Tiles\-074181f8.t' could not be found! (-11063,14264)
 ---> World-File 'E:\Rail Utilities\Train Simulator\Routes\USA1\World\w-011063+014263.w' is not defined! ('-07418204')
      Sound-File 'E:\Rail Utilities\Train Simulator\Routes\USA1\World\w-011063+014263.ws' is not defined!
 ---> Tile-Datafile 'E:\Rail Utilities\Train Simulator\Routes\USA1\Tiles\-07418204_y.raw' is NOT defined! (-11063,14263)
 ---> (LO-)Tile-File 'E:\Rail Utilities\Train Simulator\Routes\USA1\Tiles\-07418204.t' could not be found! (-11063,14263)
 ---> World-File 'E:\Rail Utilities\Train Simulator\Routes\USA1\World\w-011064+014262.w' is not defined! ('-0741820c')
      Sound-File 'E:\Rail Utilities\Train Simulator\Routes\USA1\World\w-011064+014262.ws' is not defined!
 ---> Tile-Datafile 'E:\Rail Utilities\Train Simulator\Routes\USA1\Tiles\-0741820c_y.raw' is NOT defined! (-11064,14262)
 ---> (LO-)Tile-File 'E:\Rail Utilities\Train Simulator\Routes\USA1\Tiles\-0741820c.t' could not be found! (-11064,14262)
      Sound-File 'E:\Rail Utilities\Train Simulator\Routes\USA1\World\w-011070+014262.ws' is not defined!
      Sound-File 'E:\Rail Utilities\Train Simulator\Routes\USA1\World\w-011070+014261.ws' is not defined!
      Sound-File 'E:\Rail Utilities\Train Simulator\Routes\USA1\World\w-011069+014260.ws' is not defined!
      Sound-File 'E:\Rail Utilities\Train Simulator\Routes\USA1\World\w-011070+014260.ws' is not defined!
 ---> World-File 'E:\Rail Utilities\Train Simulator\Routes\USA1\World\w-011066+014260.w' is not defined! ('-0741836c')
      Sound-File 'E:\Rail Utilities\Train Simulator\Routes\USA1\World\w-011066+014260.ws' is not defined!
 ---> Tile-Datafile 'E:\Rail Utilities\Train Simulator\Routes\USA1\Tiles\-0741836c_y.raw' is NOT defined! (-11066,14260)
 ---> (LO-)Tile-File 'E:\Rail Utilities\Train Simulator\Routes\USA1\Tiles\-0741836c.t' could not be found! (-11066,14260)
      Sound-File 'E:\Rail Utilities\Train Simulator\Routes\USA1\World\w-011068+014261.ws' is not defined!
      Sound-File 'E:\Rail Utilities\Train Simulator\Routes\USA1\World\w-011067+014261.ws' is not defined!
 ---> World-File 'E:\Rail Utilities\Train Simulator\Routes\USA1\World\w-011067+014260.w' is not defined! ('-07418378')
      Sound-File 'E:\Rail Utilities\Train Simulator\Routes\USA1\World\w-011067+014260.ws' is not defined!
 ---> Tile-Datafile 'E:\Rail Utilities\Train Simulator\Routes\USA1\Tiles\-07418378_y.raw' is NOT defined! (-11067,14260)
 ---> (LO-)Tile-File 'E:\Rail Utilities\Train Simulator\Routes\USA1\Tiles\-07418378.t' could not be found! (-11067,14260)
      Sound-File 'E:\Rail Utilities\Train Simulator\Routes\USA1\World\w-011068+014260.ws' is not defined!
 ---> World-File 'E:\Rail Utilities\Train Simulator\Routes\USA1\World\w-011008+014319.w' is not defined! ('-07440c00')
      Sound-File 'E:\Rail Utilities\Train Simulator\Routes\USA1\World\w-011008+014319.ws' is not defined!
 ---> Tile-Datafile 'E:\Rail Utilities\Train Simulator\Routes\USA1\Tiles\-07440c00_y.raw' is NOT defined! (-11008,14319)
 ---> (LO-)Tile-File 'E:\Rail Utilities\Train Simulator\Routes\USA1\Tiles\-07440c00.t' could not be found! (-11008,14319)
 ---> World-File 'E:\Rail Utilities\Train Simulator\Routes\USA1\World\w-011007+014319.w' is not defined! ('-07440c04')
      Sound-File 'E:\Rail Utilities\Train Simulator\Routes\USA1\World\w-011007+014319.ws' is not defined!
 ---> Tile-Datafile 'E:\Rail Utilities\Train Simulator\Routes\USA1\Tiles\-07440c04_y.raw' is NOT defined! (-11007,14319)
 ---> (LO-)Tile-File 'E:\Rail Utilities\Train Simulator\Routes\USA1\Tiles\-07440c04.t' could not be found! (-11007,14319)
      Sound-File 'E:\Rail Utilities\Train Simulator\Routes\USA1\World\w-011007+014318.ws' is not defined!
      Sound-File 'E:\Rail Utilities\Train Simulator\Routes\USA1\World\w-011007+014317.ws' is not defined!
 ---> World-File 'E:\Rail Utilities\Train Simulator\Routes\USA1\World\w-011008+014316.w' is not defined! ('-07440c3c')
      Sound-File 'E:\Rail Utilities\Train Simulator\Routes\USA1\World\w-011008+014316.ws' is not defined!
 ---> Tile-Datafile 'E:\Rail Utilities\Train Simulator\Routes\USA1\Tiles\-07440c3c_y.raw' is NOT defined! (-11008,14316)
 ---> (LO-)Tile-File 'E:\Rail Utilities\Train Simulator\Routes\USA1\Tiles\-07440c3c.t' could not be found! (-11008,14316)
    616 Tiles (including 279 populated Tiles) are defined.
    Tile-Definition missed for 107 Tiles.
    113 populated Tiles contain NO world-file.

  9 Records read from structure-controlfile


Structure-Controlfile 'E:\Rail Utilities\Train Simulator\Routes\USA1\TD\lo_td_idx.dat' does not exist!

Tile-Definitions are checked for completeness!
    107 incorrect Tile-Definitions are removed!

Structure-Controlfile 'E:\Rail Utilities\Train Simulator\Routes\USA1\newRoute\TD\td_idx.dat' is modified.
    10 Records rewritten to structure-controlfile
    Maximum recordlength of structure-controlfile : 114


Program ended -- Maximum-Values:
    Shapes(global)  : 40000
    Sections(global): 40000
    Paths(local)    : 40274
    Sections(local) : 40630
