TS DB-Utility - Vers.: 3.4.00 
All Rights Reserved.
Copyright (C) 2003-2009 by ...CarlosHR...
PgmDate: 01.02.2009

ATTENTION! --- This version is an intermediate version (B-20090209)! Please report all problems! ---

Function called from >> OS-system:'windows vista', Version:6.0 <<
Java-system   >> Java-JRE :'sun microsystems inc.', Version:1.6.0_11 <<
>>TSUtil '-lD:\VB Projects\RR12\Reports\usa2.trkTsUtil_version.log' 'version'<<

Analyse of TSUtil-Programversion activated!
   ( 27.02.2009 08:56:43 )

TSUtil-Class 'TSUtil' found.            Version-ID is ' 3.4.00 B-20090209' (1)
TSUtil-Class 'TSLogg' found.            Version-ID is ' 3.4.00 11.11.2008' (2)
TSUtil-Class 'TSOpts' found.            Version-ID is ' 3.2.153 01.12.2005' (3)
TSUtil-Class 'TSData' found.            Version-ID is ' 3.3.03 28.12.2006' (4)
TSUtil-Class 'TSRefC' found.            Version-ID is ' 3.4.00 31.07.2008' (5)
TSUtil-Class 'TSPos' found.             Version-ID is ' 3.4.00 18.09.2008' (6)
TSUtil-Class 'TSQPos' found.            Version-ID is ' 3.4.00 07.07.2008' (7)
TSUtil-Class 'TSQDir' found.            Version-ID is ' 3.4.00 03.08.2008' (8)
TSUtil-Class 'TSCoo' found.             Version-ID is ' 3.4.00 06.06.2008' (9)
TSUtil-Class 'TSSc' found.              Version-ID is ' 3.2.155 06.12.2005' (10)
TSUtil-Class 'TSSh' found.              Version-ID is ' 3.2.155 06.12.2005' (11)
TSUtil-Class 'TSSect' found.            Version-ID is ' 3.2.155 06.12.2005' (12)
TSUtil-Class 'TSScC' found.             Version-ID is ' 3.3.01 03.11.2006' (13)
TSUtil-Class 'TSScIdx' found.           Version-ID is ' 0.0.000 00.00.2005' (14)
TSUtil-Class 'TSShape' found.           Version-ID is ' 3.2.155 06.12.2005' (15)
TSUtil-Class 'TSChain' found.           Version-ID is ' 3.4.00 25.11.2008' (16)
TSUtil-Class 'TSWrld' found.            Version-ID is ' 3.4.00 22.07.2008' (17)
TSUtil-Class 'TSRoute' found.           Version-ID is ' 3.4.00 28.01.2009' (18)
TSUtil-Class 'TSScL' found.             Version-ID is ' 3.3.06 12.07.2007' (19)
TSUtil-Class 'TSShL' found.             Version-ID is ' 3.2.460 13.08.2006' (20)
TSUtil-Class 'TSTrNde' found.           Version-ID is ' 3.4.00 31.07.2008' (21)
TSUtil-Class 'TSNode' found.            Version-ID is ' 3.4.00 07.08.2008' (22)
TSUtil-Class 'TSTrItm' found.           Version-ID is ' 3.4.00 11.08.2008' (23)
TSUtil-Class 'TSTrItm01' found.         Version-ID is ' 3.4.00 09.01.2009' (24)
TSUtil-Class 'TSTrItm01T' found.        Version-ID is ' 3.4.00 10.08.2008' (25)
TSUtil-Class 'TSTrItm02' found.         Version-ID is ' 3.4.00 14.07.2008' (26)
TSUtil-Class 'TSTrItm03' found.         Version-ID is ' 3.4.00 14.07.2008' (27)
TSUtil-Class 'TSTrItm09' found.         Version-ID is ' 3.3.03 12.01.2007' (28)
TSUtil-Class 'TSTrItm10' found.         Version-ID is ' 3.4.00 01.08.2008' (29)
TSUtil-Class 'TSTile' found.            Version-ID is ' 3.3.06 28.11.2007' (30)
TSUtil-Class 'TSTileC' found.           Version-ID is ' 0.0.000 00.00.2005' (31)
TSUtil-Class 'TSQuad' found.            Version-ID is ' 3.4.00 25.11.2008' (32)
TSUtil-Class 'TSUiD' found.             Version-ID is ' 3.4.00 25.09.2008' (33)
TSUtil-Class 'TSTrkObj' found.          Version-ID is ' 3.4.00 07.07.2008' (34)
TSUtil-Class 'TSDynTrk' found.          Version-ID is ' 3.2.230 01.03.2006' (35)
TSUtil-Class 'TSSignal' found.          Version-ID is ' 3.3.07 16.12.2007' (36)
TSUtil-Class 'TSStatic' found.          Version-ID is ' 3.4.00 25.08.2008' (37)
TSUtil-Class 'TSForest' found.          Version-ID is ' 3.2.230 01.03.2006' (38)
TSUtil-Class 'TSPlatform' found.        Version-ID is ' 3.4.00 10.07.2008' (39)
TSUtil-Class 'TSSiding' found.          Version-ID is ' 3.4.00 10.07.2008' (40)
TSUtil-Class 'TSGantry' found.          Version-ID is ' 3.2.230 01.03.2006' (41)
TSUtil-Class 'TSSpeed' found.           Version-ID is ' 3.4.00 10.07.2008' (42)
TSUtil-Class 'TSCarSp' found.           Version-ID is ' 3.4.00 10.07.2008' (43)
TSUtil-Class 'TSLevelCr' found.         Version-ID is ' 3.4.00 10.07.2008' (44)
TSUtil-Class 'TSHazard' found.          Version-ID is ' 3.4.00 10.07.2008' (45)
TSUtil-Class 'TSTransf' found.          Version-ID is ' 3.2.230 01.03.2006' (46)
TSUtil-Class 'TSColli' found.           Version-ID is ' 3.2.230 01.03.2006' (47)
TSUtil-Class 'TSTelep' found.           Version-ID is ' 3.4.00 30.09.2008' (48)
TSUtil-Class 'TSPickup' found.          Version-ID is ' 3.4.00 10.07.2008' (49)
TSUtil-Class 'TSSnd' found.             Version-ID is ' 3.4.00 25.09.2008' (50)
TSUtil-Class 'TSSRgn' found.            Version-ID is ' 3.4.00 20.06.2008' (51)
TSUtil-Class 'TSSSrc' found.            Version-ID is ' 3.3.01 05.11.2006' (52)
TSUtil-Class 'TSView' found.            Version-ID is ' 3.3.04 26.02.2007' (53)
TSUtil-Class 'TSSigSh' found.           Version-ID is ' 0.0.000 00.00.2005' (54)
TSUtil-Class 'TSSigSObj' found.         Version-ID is ' 3.2.141 20.10.2005' (55)
TSUtil-Class 'TSSigTyp' found.          Version-ID is ' 3.2.141 20.10.2005' (56)
TSUtil-Class 'TSSigSgL' found.          Version-ID is ' 3.4.00 27.11.2008' (57)
TSUtil-Class 'TSSigDrSt' found.         Version-ID is ' 0.0.000 00.00.2005' (58)
TSUtil-Class 'TSSigAsp' found.          Version-ID is ' 0.0.000 00.00.2005' (59)
TSUtil-Class 'TSSigLTx' found.          Version-ID is ' 0.0.000 00.00.2005' (60)
TSUtil-Class 'TSSigLgt' found.          Version-ID is ' 0.0.000 00.00.2005' (61)
TSUtil-Class 'TStType' found.           Version-ID is ' 0.0.000 00.00.2005' (62)
TSUtil-Class 'TSAct' found.             Version-ID is ' 3.4.00 27.01.2009' (63)
TSUtil-Class 'TSActAO' found.           Version-ID is ' 3.4.00 29.01.2009' (64)
TSUtil-Class 'TSActEv' found.           Version-ID is ' 3.4.00 27.01.2009' (65)
TSUtil-Class 'TSActSZ' found.           Version-ID is ' 3.4.00 21.01.2009' (66)
TSUtil-Class 'TSPath' found.            Version-ID is ' 3.3.09 20.04.2007' (67)
TSUtil-Class 'TSPatPDP' found.          Version-ID is ' 3.4.00 11.08.2008' (68)
TSUtil-Class 'TSPatNde' found.          Version-ID is ' 3.3.09 18.04.2008' (69)
TSUtil-Class 'TSSrv' found.             Version-ID is ' 3.4.00 17.01.2009' (70)
TSUtil-Class 'TSStStp' found.           Version-ID is ' 3.4.00 17.01.2009' (71)
TSUtil-Class 'TSTrf' found.             Version-ID is ' 3.2.440 09.06.2006' (72)
TSUtil-Class 'TSXtSrv' found.           Version-ID is ' 3.4.00 17.01.2009' (73)
TSUtil-Class 'TSTrain' found.           Version-ID is ' 3.4.00 22.01.2009' (74)
TSUtil-Class 'TSSigCDef' found.         Version-ID is ' 3.3.08 19.02.2008' (75)
TSUtil-Class 'TSSigCDefE' found.        Version-ID is ' 3.3.08 15.01.2008' (76)
TSUtil-Class 'TSFile' found.            Version-ID is ' 3.3.06 10.09.2007' (77)
TSUtil-Class 'TSFileS' found.           Version-ID is ' 3.3.06 20.11.2007' (78)
TSUtil-Class 'TSFileT' found.           Version-ID is ' 3.3.06 20.11.2007' (79)
TSUtil-Class 'TSFileW' found.           Version-ID is ' 3.3.06 20.11.2007' (80)
TSUtil-Class 'TSFileX' found.           Version-ID is ' 3.4.00 14.01.2009' (81)
TSUtil-Class 'TSFleTok' found.          Version-ID is ' 0.0.000 00.00.2005' (82)
TSUtil-Class 'TSFleMask' found.         Version-ID is ' 3.3.04 27.03.2007' (83)
TSUtil-Class 'TSFleOutStream' found.    Version-ID is ' 3.4.00 01.09.2008' (84)
TSUtil-Class 'TSBuf' found.             Version-ID is ' 3.4.01 04.02.2009' (85)
TSUtil-Class 'TSTemp' found.            Version-ID is ' 3.4.00 22.12.2008' (86)

Program successful ended after 86 Class-Definitions
