Línea 18: la clase MSComDlg.CommonDialog del control CDL1 no era una clase de control cargada.
Línea 250: la clase TabDlg.SSTab del control SSTab1 no era una clase de control cargada.
Línea 526: la clase MSComctlLib.StatusBar del control SB3 no era una clase de control cargada.
Línea 2104: la clase MSComctlLib.StatusBar del control SB2 no era una clase de control cargada.
Línea 2127: la clase MSComctlLib.StatusBar del control SB1 no era una clase de control cargada.
Línea 21: el nombre de la propiedad _ExtentX de CDL1 no es válido.
Línea 22: el nombre de la propiedad _ExtentY de CDL1 no es válido.
Línea 23: el nombre de la propiedad _Version de CDL1 no es válido.
Línea 257: el nombre de la propiedad _ExtentX de SSTab1 no es válido.
Línea 258: el nombre de la propiedad _ExtentY de SSTab1 no es válido.
Línea 259: el nombre de la propiedad _Version de SSTab1 no es válido.
Línea 260: el nombre de la propiedad Style de SSTab1 no es válido.
Línea 261: el nombre de la propiedad Tabs de SSTab1 no es válido.
Línea 262: el nombre de la propiedad TabsPerRow de SSTab1 no es válido.
Línea 263: el nombre de la propiedad TabHeight de SSTab1 no es válido.
Línea 264: el nombre de la propiedad TabCaption(0) de SSTab1 no es válido.
Línea 265: el nombre de la propiedad TabPicture(0) de SSTab1 no es válido.
Línea 266: el nombre de la propiedad Tab(0).ControlEnabled de SSTab1 no es válido.
Línea 267: el nombre de la propiedad Tab(0).Control(0) de SSTab1 no es válido.
Línea 268: el nombre de la propiedad Tab(0).Control(0).Enabled de SSTab1 no es válido.
Línea 269: el nombre de la propiedad Tab(0).Control(1) de SSTab1 no es válido.
Línea 270: el nombre de la propiedad Tab(0).Control(1).Enabled de SSTab1 no es válido.
Línea 271: el nombre de la propiedad Tab(0).ControlCount de SSTab1 no es válido.
Línea 272: el nombre de la propiedad TabCaption(1) de SSTab1 no es válido.
Línea 273: el nombre de la propiedad TabPicture(1) de SSTab1 no es válido.
Línea 274: el nombre de la propiedad Tab(1).ControlEnabled de SSTab1 no es válido.
Línea 275: el nombre de la propiedad Tab(1).Control(0) de SSTab1 no es válido.
Línea 276: el nombre de la propiedad Tab(1).Control(1) de SSTab1 no es válido.
Línea 277: el nombre de la propiedad Tab(1).Control(2) de SSTab1 no es válido.
Línea 278: el nombre de la propiedad Tab(1).Control(3) de SSTab1 no es válido.
Línea 279: el nombre de la propiedad Tab(1).Control(4) de SSTab1 no es válido.
Línea 280: el nombre de la propiedad Tab(1).Control(5) de SSTab1 no es válido.
Línea 281: el nombre de la propiedad Tab(1).Control(6) de SSTab1 no es válido.
Línea 282: el nombre de la propiedad Tab(1).Control(7) de SSTab1 no es válido.
Línea 283: el nombre de la propiedad Tab(1).Control(8) de SSTab1 no es válido.
Línea 284: el nombre de la propiedad Tab(1).Control(9) de SSTab1 no es válido.
Línea 285: el nombre de la propiedad Tab(1).Control(10) de SSTab1 no es válido.
Línea 286: el nombre de la propiedad Tab(1).Control(11) de SSTab1 no es válido.
Línea 287: el nombre de la propiedad Tab(1).Control(12) de SSTab1 no es válido.
Línea 288: el nombre de la propiedad Tab(1).Control(13) de SSTab1 no es válido.
Línea 289: el nombre de la propiedad Tab(1).Control(14) de SSTab1 no es válido.
Línea 290: el nombre de la propiedad Tab(1).Control(15) de SSTab1 no es válido.
Línea 291: el nombre de la propiedad Tab(1).ControlCount de SSTab1 no es válido.
Línea 292: el nombre de la propiedad TabCaption(2) de SSTab1 no es válido.
Línea 293: el nombre de la propiedad TabPicture(2) de SSTab1 no es válido.
Línea 294: el nombre de la propiedad Tab(2).ControlEnabled de SSTab1 no es válido.
Línea 295: el nombre de la propiedad Tab(2).Control(0) de SSTab1 no es válido.
Línea 296: el nombre de la propiedad Tab(2).Control(1) de SSTab1 no es válido.
Línea 297: el nombre de la propiedad Tab(2).ControlCount de SSTab1 no es válido.
Línea 298: el nombre de la propiedad TabCaption(3) de SSTab1 no es válido.
Línea 299: el nombre de la propiedad TabPicture(3) de SSTab1 no es válido.
Línea 300: el nombre de la propiedad Tab(3).ControlEnabled de SSTab1 no es válido.
Línea 301: el nombre de la propiedad Tab(3).Control(0) de SSTab1 no es válido.
Línea 302: el nombre de la propiedad Tab(3).ControlCount de SSTab1 no es válido.
Línea 303: el nombre de la propiedad TabCaption(4) de SSTab1 no es válido.
Línea 304: el nombre de la propiedad TabPicture(4) de SSTab1 no es válido.
Línea 305: el nombre de la propiedad Tab(4).ControlEnabled de SSTab1 no es válido.
Línea 306: el nombre de la propiedad Tab(4).Control(0) de SSTab1 no es válido.
Línea 307: el nombre de la propiedad Tab(4).ControlCount de SSTab1 no es válido.
Línea 308: el nombre de la propiedad TabCaption(5) de SSTab1 no es válido.
Línea 309: el nombre de la propiedad TabPicture(5) de SSTab1 no es válido.
Línea 310: el nombre de la propiedad Tab(5).ControlEnabled de SSTab1 no es válido.
Línea 311: el nombre de la propiedad Tab(5).Control(0) de SSTab1 no es válido.
Línea 312: el nombre de la propiedad Tab(5).Control(1) de SSTab1 no es válido.
Línea 313: el nombre de la propiedad Tab(5).Control(2) de SSTab1 no es válido.
Línea 314: el nombre de la propiedad Tab(5).Control(3) de SSTab1 no es válido.
Línea 315: el nombre de la propiedad Tab(5).ControlCount de SSTab1 no es válido.
Línea 316: el nombre de la propiedad TabCaption(6) de SSTab1 no es válido.
Línea 317: el nombre de la propiedad TabPicture(6) de SSTab1 no es válido.
Línea 318: el nombre de la propiedad Tab(6).ControlEnabled de SSTab1 no es válido.
Línea 319: el nombre de la propiedad Tab(6).Control(0) de SSTab1 no es válido.
Línea 320: el nombre de la propiedad Tab(6).Control(1) de SSTab1 no es válido.
Línea 321: el nombre de la propiedad Tab(6).ControlCount de SSTab1 no es válido.
Línea 322: el nombre de la propiedad TabCaption(7) de SSTab1 no es válido.
Línea 323: el nombre de la propiedad TabPicture(7) de SSTab1 no es válido.
Línea 324: el nombre de la propiedad Tab(7).ControlEnabled de SSTab1 no es válido.
Línea 325: el nombre de la propiedad Tab(7).Control(0) de SSTab1 no es válido.
Línea 326: el nombre de la propiedad Tab(7).Control(1) de SSTab1 no es válido.
Línea 327: el nombre de la propiedad Tab(7).ControlCount de SSTab1 no es válido.
Línea 328: el nombre de la propiedad TabCaption(8) de SSTab1 no es válido.
Línea 329: el nombre de la propiedad TabPicture(8) de SSTab1 no es válido.
Línea 330: el nombre de la propiedad Tab(8).ControlEnabled de SSTab1 no es válido.
Línea 331: el nombre de la propiedad Tab(8).Control(0) de SSTab1 no es válido.
Línea 332: el nombre de la propiedad Tab(8).ControlCount de SSTab1 no es válido.
Línea 333: el nombre de la propiedad TabCaption(9) de SSTab1 no es válido.
Línea 334: el nombre de la propiedad TabPicture(9) de SSTab1 no es válido.
Línea 335: el nombre de la propiedad Tab(9).ControlEnabled de SSTab1 no es válido.
Línea 336: el nombre de la propiedad Tab(9).Control(0) de SSTab1 no es válido.
Línea 337: el nombre de la propiedad Tab(9).Control(1) de SSTab1 no es válido.
Línea 338: el nombre de la propiedad Tab(9).ControlCount de SSTab1 no es válido.
Línea 532: el nombre de la propiedad _ExtentX de SB3 no es válido.
Línea 533: el nombre de la propiedad _ExtentY de SB3 no es válido.
Línea 534: el nombre de la propiedad _Version de SB3 no es válido.
Línea 547: el nombre de la propiedad Panels de SB3 no es válido.
Línea 2110: el nombre de la propiedad _ExtentX de SB2 no es válido.
Línea 2111: el nombre de la propiedad _ExtentY de SB2 no es válido.
Línea 2112: el nombre de la propiedad _Version de SB2 no es válido.
Línea 2125: el nombre de la propiedad Panels de SB2 no es válido.
Línea 2133: el nombre de la propiedad _ExtentX de SB1 no es válido.
Línea 2134: el nombre de la propiedad _ExtentY de SB1 no es válido.
Línea 2135: el nombre de la propiedad _Version de SB1 no es válido.
Línea 2166: el nombre de la propiedad Panels de SB1 no es válido.
